epoch,loss,val_loss
0,0.8027334213256836,0.0335751511156559
1,0.030262870714068413,0.03126351535320282
2,0.023356016725301743,0.019514823332428932
3,0.02036312408745289,0.01597878523170948
4,0.018801912665367126,0.022885147482156754
5,0.01755107380449772,0.02320248819887638
6,0.01655053347349167,0.013229725882411003
7,0.01577245071530342,0.013774875551462173
8,0.015523970127105713,0.012013127095997334
9,0.014537197537720203,0.017519304528832436
10,0.013670684769749641,0.0165858156979084
11,0.013199947774410248,0.011713591404259205
12,0.012341576628386974,0.013598799705505371
13,0.01151636615395546,0.010253430344164371
14,0.010560672730207443,0.010872038081288338
15,0.009887468069791794,0.008479899726808071
16,0.009425629861652851,0.009539849124848843
17,0.008808337152004242,0.0075372750870883465
18,0.00849776342511177,0.007605685852468014
19,0.008395355194807053,0.009356701746582985
20,0.007935955189168453,0.006578884553164244
21,0.007813937962055206,0.008869374170899391
22,0.007537026423960924,0.0077868858352303505
23,0.007476837374269962,0.007408556528389454
24,0.007351082284003496,0.005935599561780691
25,0.0071213883347809315,0.008164473809301853
26,0.007052657660096884,0.01248974446207285
27,0.006969092413783073,0.006511543411761522
28,0.00683323061093688,0.006615935359150171
29,0.006718561984598637,0.005299233365803957
30,0.006582553032785654,0.005601309239864349
31,0.006526159588247538,0.006200473289936781
32,0.006422250997275114,0.00684291822835803
33,0.006455817259848118,0.007322209887206554
34,0.006235962733626366,0.005898721516132355
35,0.0061700535006821156,0.008106162771582603
36,0.006202846299856901,0.006571742240339518
37,0.006144869141280651,0.006133059039711952
38,0.0060496022924780846,0.0052619739435613155
39,0.006063943728804588,0.005037163384258747
40,0.006004767958074808,0.005275387782603502
41,0.006025794893503189,0.005036874208599329
42,0.0059310137294232845,0.005101151764392853
43,0.005743696354329586,0.004726954735815525
44,0.005793282296508551,0.004626608453691006
45,0.005891705863177776,0.004862416069954634
46,0.0056632645428180695,0.004608597606420517
47,0.00568876788020134,0.004636067431420088
48,0.005742362234741449,0.004840783774852753
49,0.005688613746315241,0.004671013914048672
50,0.005713811609894037,0.005468303337693214
51,0.005537780467420816,0.004721776582300663
52,0.005660251248627901,0.004881698172539473
53,0.005553436931222677,0.0051756855100393295
54,0.005537182092666626,0.004743617959320545
55,0.0054038953967392445,0.004759944975376129
56,0.005509332288056612,0.004759468138217926
57,0.00537152960896492,0.004729924723505974
58,0.005465781316161156,0.005159115884453058
59,0.005379823502153158,0.0045397924259305
60,0.005469989962875843,0.004836647305637598
61,0.005303925834596157,0.004695562180131674
62,0.005322595592588186,0.005030566360801458
63,0.005364083219319582,0.004784879274666309
64,0.0053061083890497684,0.0046074278652668
65,0.005309110041707754,0.004559008404612541
66,0.005322878714650869,0.004630807787179947
67,0.005207714159041643,0.004728625528514385
68,0.0052521382458508015,0.004294415470212698
69,0.00523016694933176,0.004565393552184105
70,0.005366699770092964,0.004587845876812935
71,0.005347177851945162,0.004393190611153841
72,0.005164660979062319,0.005129302851855755
73,0.00522847194224596,0.0046637775376439095
74,0.0051905326545238495,0.006201247218996286
75,0.0050924113020300865,0.0049144309014081955
76,0.0052463700994849205,0.005003621336072683
77,0.005133362486958504,0.00524252699688077
78,0.00526603264734149,0.004666132386773825
79,0.0050944797694683075,0.004851148463785648
80,0.005175706464797258,0.004711345303803682
81,0.004933580290526152,0.005173121578991413
82,0.005243796389549971,0.005562413018196821
83,0.005198231898248196,0.004589979536831379
84,0.004911176394671202,0.0048531340435147285
85,0.005149361677467823,0.004865388385951519
86,0.005079323425889015,0.004640302155166864
87,0.005095438566058874,0.0045473165810108185
88,0.005023063160479069,0.004554704297333956
89,0.005103237461298704,0.005249527748674154
90,0.004945637658238411,0.004615441896021366
91,0.004933640360832214,0.004489007405936718
92,0.004886472597718239,0.00445221783593297
93,0.004975310061126947,0.004948606248944998
94,0.0049915676936507225,0.00475325109437108
95,0.00498570641502738,0.004481459967792034
96,0.004908630158752203,0.0046487245708703995
97,0.005120840854942799,0.004754350520670414
98,0.004957635421305895,0.0043167066760361195
99,0.004916380625218153,0.0047529153525829315
100,0.004970609676092863,0.0044776033610105515
101,0.005037792958319187,0.004637819714844227
102,0.004934666678309441,0.004910027142614126
103,0.00482177734375,0.004448851104825735
104,0.0051424745470285416,0.004347903188318014
105,0.004840407986193895,0.0043914951384067535
106,0.0048716007731854916,0.004664919339120388
107,0.005064795725047588,0.004621725995093584
108,0.004788958467543125,0.004326718393713236
109,0.004760949872434139,0.004459361080080271
110,0.004795814398676157,0.004733903333544731
111,0.004805237054824829,0.005364512093365192
112,0.0049521406181156635,0.005284587852656841
113,0.004754724446684122,0.004375075455754995
114,0.004836679436266422,0.004620884545147419
115,0.005102043971419334,0.00469081848859787
116,0.005113960709422827,0.005243318621069193
117,0.004853604361414909,0.004724612459540367
118,0.004805129952728748,0.005735684186220169
119,0.004873222671449184,0.0045611183159053326
120,0.004861638881266117,0.00455491105094552
121,0.004832103382796049,0.004864074289798737
122,0.005036668851971626,0.004758904222398996
123,0.005078282207250595,0.004868166521191597
124,0.004692772403359413,0.004493617452681065
125,0.004806081764400005,0.0049469307996332645
126,0.004819202236831188,0.005762909539043903
127,0.004663676489144564,0.004809587262570858
128,0.005109208635985851,0.005656201392412186
129,0.004915204830467701,0.0044335490092635155
130,0.004811244551092386,0.0047233328223228455
131,0.004718630574643612,0.00493448693305254
132,0.004674460273236036,0.0044520203955471516
133,0.004730253014713526,0.004552693571895361
134,0.004811917431652546,0.005054205656051636
135,0.00460811285302043,0.004546896554529667
136,0.004572320729494095,0.004662040155380964
137,0.004677139222621918,0.00482967821881175
138,0.004670829512178898,0.004756227135658264
139,0.004665220621973276,0.005331458058208227
140,0.0047486345283687115,0.004229291342198849
141,0.004581477027386427,0.004476185888051987
142,0.004755053669214249,0.004491536878049374
143,0.004625126253813505,0.004403010476380587
144,0.004555069375783205,0.004115863237529993
145,0.004595967009663582,0.004962234292179346
146,0.0046015772968530655,0.004494054708629847
147,0.0045496621169149876,0.004733755253255367
148,0.004520426504313946,0.004558141343295574
149,0.004554993472993374,0.004821115639060736
150,0.004525430500507355,0.004542432725429535
151,0.004512056242674589,0.005461747758090496
152,0.0046562738716602325,0.004431723151355982
153,0.004487535450607538,0.0046237134374678135
154,0.004574564751237631,0.004805419128388166
155,0.004731561988592148,0.00529536884278059
156,0.004682346247136593,0.004853971302509308
157,0.004644721280783415,0.004742542747408152
158,0.004568565171211958,0.004763501696288586
159,0.005079922266304493,0.004386349581182003
160,0.0046249935403466225,0.004984214901924133
161,0.004441770259290934,0.004502746742218733
162,0.004587529227137566,0.00426763528957963
163,0.004742677789181471,0.0043368227779865265
164,0.004472850356251001,0.00505036348477006
165,0.00438816798850894,0.004691348876804113
166,0.0043959966860711575,0.0050988406874239445
167,0.004709967412054539,0.004480588249862194
168,0.004545621108263731,0.0043655578047037125
169,0.004445352125912905,0.004765262361615896
170,0.004410592373460531,0.0041761999018490314
171,0.004675682168453932,0.004327916540205479
172,0.004449880216270685,0.004346934612840414
173,0.00445569958537817,0.0044134631752967834
174,0.004424224141985178,0.005049840081483126
175,0.004698815755546093,0.004337569698691368
176,0.004456567578017712,0.004536132328212261
177,0.004590272903442383,0.004588317591696978
178,0.0044672125950455666,0.0046950955875217915
179,0.004449834581464529,0.005069950129836798
180,0.00443123746663332,0.004245589952915907
181,0.0045289816334843636,0.004453244619071484
182,0.004612003918737173,0.004192976746708155
183,0.004487599246203899,0.005093468818813562
184,0.004601431079208851,0.004557500593364239
185,0.004420783836394548,0.004416963085532188
186,0.004418748430907726,0.004388533066958189
187,0.00438134279102087,0.004367253743112087
188,0.004395321011543274,0.004371915478259325
189,0.004511649254709482,0.004391361027956009
190,0.004667878616601229,0.004639190621674061
191,0.004603053908795118,0.004488023463636637
192,0.00481064897030592,0.004347699694335461
193,0.004640867933630943,0.004862004425376654
194,0.004545487463474274,0.0048071155324578285
195,0.004308921750634909,0.0043381592258811
196,0.004424939397722483,0.004467481281608343
197,0.0046139867044985294,0.004602751694619656
198,0.004501162562519312,0.004650466609746218
199,0.00444432208314538,0.004215944558382034
200,0.004350994247943163,0.004442970268428326
201,0.004254621919244528,0.004669553134590387
202,0.0042370087467134,0.004685047082602978
203,0.004558686167001724,0.004519416484981775
204,0.004692984279245138,0.004761954769492149
205,0.0043909503147006035,0.004434927366673946
206,0.004250744357705116,0.004945217631757259
207,0.00423368439078331,0.004847990348935127
208,0.004401699639856815,0.004814820364117622
209,0.004335048608481884,0.0055712624453008175
210,0.004358895588666201,0.004697100725024939
211,0.004532999359071255,0.004930051974952221
212,0.004733408335596323,0.0050706565380096436
213,0.004328704904764891,0.004726163577288389
214,0.004226751159876585,0.004868939984589815
215,0.004519729409366846,0.004256459418684244
216,0.004349804483354092,0.004439482465386391
217,0.004280741326510906,0.004693468101322651
218,0.0043256874196231365,0.004498370457440615
219,0.004385639447718859,0.004915292374789715
220,0.004279188346117735,0.004488095175474882
221,0.004410524852573872,0.005037510301917791
222,0.004462704062461853,0.004647896625101566
223,0.004281661007553339,0.004492783918976784
224,0.004597424529492855,0.004897186998277903
225,0.0045821587555110455,0.004509365651756525
226,0.004502096213400364,0.004637641832232475
227,0.004461659584194422,0.004553060978651047
228,0.004201732575893402,0.004509595688432455
229,0.004498639144003391,0.005085365381091833
230,0.004506134428083897,0.004243661183863878
231,0.004410396330058575,0.004809821955859661
232,0.004217063542455435,0.004930396098643541
233,0.004233608487993479,0.0046457755379378796
234,0.004360068589448929,0.005980066955089569
235,0.004438361153006554,0.004329476971179247
236,0.004217357374727726,0.004140113480389118
237,0.004366933833807707,0.004792786668986082
238,0.004612123593688011,0.0047794911079108715
239,0.004316576290875673,0.00448097987100482
240,0.004241798538714647,0.00455517927184701
241,0.004235630854964256,0.004507382400333881
242,0.0044751702807843685,0.005132476799190044
243,0.004353652708232403,0.004808515310287476
244,0.00413094786927104,0.004367337096482515
245,0.00408259779214859,0.004391299095004797
246,0.004252240993082523,0.004801446106284857
247,0.004240513313561678,0.0045609548687934875
248,0.004303970839828253,0.004343261942267418
249,0.004252864979207516,0.004387896042317152
250,0.00422174297273159,0.004568758886307478
251,0.0043824114836752415,0.004607588984072208
252,0.004403911530971527,0.004525176715105772
253,0.0042738053016364574,0.004241190385073423
254,0.0050289989449083805,0.004912471864372492
255,0.0044052572920918465,0.0042222351767122746
256,0.004333144053816795,0.004413008224219084
257,0.004268035292625427,0.004712559748440981
258,0.004229393787682056,0.0045103696174919605
259,0.004099630750715733,0.004261096473783255
260,0.004059791564941406,0.0043586185202002525
261,0.004173586145043373,0.004742434713989496
262,0.004374801181256771,0.004677775781601667
263,0.004392389673739672,0.004347742069512606
264,0.004536636173725128,0.00441664969548583
265,0.004233423620462418,0.004473043605685234
266,0.0040659415535628796,0.0040724813006818295
267,0.004056867212057114,0.004202177748084068
268,0.004351818934082985,0.0044608647003769875
269,0.004252438899129629,0.004584151320159435
270,0.004322290886193514,0.0042947144247591496
271,0.00416975375264883,0.004647945519536734
272,0.00407370924949646,0.004409917630255222
273,0.004461720120161772,0.004502059426158667
274,0.004131923895329237,0.004658391699194908
275,0.004212319850921631,0.0045417556539177895
276,0.004086431115865707,0.00565427215769887
277,0.004267213866114616,0.0043542771600186825
278,0.004118073731660843,0.004670334048569202
279,0.0042016454972326756,0.004823333118110895
280,0.004360326565802097,0.004772274289280176
281,0.004264711402356625,0.004378121346235275
282,0.004165841732174158,0.0049843923188745975
283,0.004280013032257557,0.004898747894912958
284,0.0041146669536828995,0.004750935360789299
285,0.004328223876655102,0.004445136059075594
286,0.004186153877526522,0.004163212142884731
287,0.004069304559379816,0.004885117057710886
288,0.0041009667329490185,0.00494833430275321
289,0.004055083263665438,0.004243319854140282
290,0.004111049231141806,0.004729225300252438
291,0.0047104982659220695,0.004806062672287226
292,0.004527679178863764,0.005841414909809828
293,0.0045441268011927605,0.004470792133361101
294,0.004326350521296263,0.004828884266316891
295,0.004275886341929436,0.004826242104172707
296,0.004277533385902643,0.004324046429246664
297,0.0042724162340164185,0.0047067380510270596
298,0.004237613640725613,0.004475172143429518
299,0.004141604527831078,0.004625663626939058
300,0.0041844905354082584,0.004535730462521315
301,0.004423118196427822,0.004414083901792765
302,0.004184792283922434,0.00443853298202157
303,0.004211897496134043,0.004645140841603279
304,0.004125540144741535,0.004317167215049267
305,0.004262496251612902,0.004573171958327293
306,0.004175644833594561,0.004286057781428099
307,0.004238887224346399,0.004723973106592894
308,0.004532131832093,0.004767379257827997
309,0.004522072616964579,0.0043154750019311905
310,0.00434443773701787,0.004203225485980511
311,0.004190921783447266,0.004114530514925718
312,0.004107275977730751,0.0043135834857821465
313,0.00413973955437541,0.004234949126839638
314,0.004212497267872095,0.004498898517340422
315,0.00414303271099925,0.004098853562027216
316,0.004091448150575161,0.004135624971240759
317,0.004098656587302685,0.004109275992959738
318,0.0040983096696436405,0.004503928124904633
319,0.00414384575560689,0.00394922960549593
320,0.004352165386080742,0.004263398237526417
321,0.004216376226395369,0.004085297230631113
322,0.004203266464173794,0.004624143708497286
323,0.004374512005597353,0.0044029997661709785
324,0.004612696822732687,0.004399714060127735
325,0.0042785643599927425,0.005150174256414175
326,0.00403300765901804,0.004338395316153765
327,0.004291427321732044,0.004066296387463808
328,0.004301099572330713,0.004458090756088495
329,0.004063605330884457,0.0039720903150737286
330,0.0044058021157979965,0.004339892417192459
331,0.004160869866609573,0.004222643095999956
332,0.0040208823047578335,0.004048888571560383
333,0.004082654137164354,0.004372596740722656
334,0.004155861213803291,0.005851673893630505
335,0.004335102625191212,0.004107251763343811
336,0.004197461996227503,0.004456270020455122
337,0.004382398910820484,0.0043230606243014336
338,0.004181146156042814,0.0040276627987623215
339,0.004207940306514502,0.004210749641060829
340,0.004212874919176102,0.004470106214284897
341,0.004302666988223791,0.0041653928346931934
342,0.004140776582062244,0.00416058162227273
343,0.004087778273969889,0.004092167131602764
344,0.004300875589251518,0.004359495360404253
345,0.004193364176899195,0.0041756234131753445
346,0.003975952975451946,0.004222563933581114
347,0.004276912193745375,0.003939538728445768
348,0.0040627955459058285,0.004269151482731104
349,0.004143785685300827,0.004338580649346113
350,0.004127828869968653,0.004222221672534943
351,0.004198817536234856,0.004113801289349794
352,0.004064326640218496,0.004390952177345753
353,0.00430199084803462,0.003849450033158064
354,0.004140328615903854,0.004341829568147659
355,0.004259676206856966,0.00425924826413393
356,0.004194018431007862,0.004340208601206541
357,0.004082640167325735,0.004449854139238596
358,0.004712595604360104,0.006739801727235317
359,0.00444642873480916,0.004385136999189854
360,0.004312222357839346,0.00475397938862443
361,0.004197299480438232,0.004188987426459789
362,0.004013614729046822,0.004282160196453333
363,0.004015856422483921,0.004122890066355467
364,0.0039627403020858765,0.004083482548594475
365,0.004087106324732304,0.004541779402643442
366,0.004202181473374367,0.004071552772074938
367,0.004043786320835352,0.004142259247601032
368,0.004522205796092749,0.005486603360623121
369,0.0043054199777543545,0.004523754585534334
370,0.004192704800516367,0.004370426759123802
371,0.004109677858650684,0.004780946299433708
372,0.004120959900319576,0.004156939685344696
373,0.004207266494631767,0.004456292372196913
374,0.004128874279558659,0.0042832400649785995
375,0.004191853571683168,0.004666409455239773
376,0.004076667129993439,0.0048735300078988075
377,0.003982971888035536,0.003979566972702742
378,0.004032941069453955,0.006192807573825121
379,0.004156316630542278,0.005000465549528599
380,0.004474741872400045,0.0043758549727499485
381,0.004134087823331356,0.004895919002592564
382,0.004138177260756493,0.004656042903661728
383,0.004043751396238804,0.004437209572643042
384,0.0041152178309857845,0.004383280873298645
385,0.004185738507658243,0.004196935333311558
386,0.004267577547580004,0.004376386292278767
387,0.004137296229600906,0.004248578567057848
388,0.004124766681343317,0.00446548406034708
389,0.004066876135766506,0.004405409563332796
390,0.004160735290497541,0.004843991249799728
391,0.004444889724254608,0.004308218602091074
392,0.004484159871935844,0.004853664431720972
393,0.004418852273374796,0.004666277207434177
394,0.004220290575176477,0.004483538679778576
395,0.004009980708360672,0.004408079665154219
396,0.004054273944348097,0.006007281132042408
397,0.004000266548246145,0.004175516311079264
398,0.003864858765155077,0.005717914551496506
399,0.003961057867854834,0.004329790361225605
400,0.0040661608800292015,0.0041723549365997314
401,0.0040483432821929455,0.00526810809969902
402,0.004004884045571089,0.005987768992781639
403,0.004394091200083494,0.004274331033229828
404,0.004314221441745758,0.004297216888517141
405,0.004544639494270086,0.004732376895844936
406,0.004284062888473272,0.004245729651302099
407,0.004036866594105959,0.005095693748444319
408,0.004059202503412962,0.004470253828912973
409,0.0039795865304768085,0.004307926166802645
410,0.003954069688916206,0.004245408345013857
411,0.00402791379019618,0.004489783197641373
412,0.004284420516341925,0.005326368380337954
413,0.0045046317391097546,0.005328814964741468
414,0.004242612048983574,0.004069290589541197
415,0.003933042287826538,0.005114555824548006
416,0.0038316408172249794,0.004173850640654564
417,0.003923272714018822,0.004745196551084518
418,0.0040964120998978615,0.0051924074068665504
419,0.004407962318509817,0.004599615931510925
420,0.0041321986354887486,0.00420152535662055
421,0.004421526100486517,0.005099885631352663
422,0.004367250017821789,0.0044584027491509914
423,0.004000118002295494,0.004505900200456381
424,0.0038487620186060667,0.004269091412425041
425,0.004064492415636778,0.0046247863210737705
426,0.004415536765009165,0.004346047528088093
427,0.00422830693423748,0.0042937640100717545
428,0.004066040739417076,0.004542119335383177
429,0.004435000009834766,0.0048207067884504795
430,0.004096835386008024,0.004261907190084457
431,0.004136923234909773,0.004773187916725874
432,0.003970171790570021,0.004620944149792194
433,0.003986003343015909,0.004389062058180571
434,0.004013140685856342,0.004407716915011406
435,0.004198307171463966,0.004333746153861284
436,0.004136551637202501,0.0040808673948049545
437,0.003907996229827404,0.004271006677299738
438,0.0040713041089475155,0.004671434871852398
439,0.003951380029320717,0.0040334914810955524
440,0.0038811713457107544,0.004144004546105862
441,0.004049572162330151,0.005338078830391169
442,0.004526937380433083,0.004798197187483311
443,0.004150275141000748,0.004134244751185179
444,0.004337339662015438,0.004424127284437418
445,0.004349549300968647,0.00465729646384716
446,0.003988892771303654,0.004324700683355331
447,0.004025612957775593,0.004581872373819351
448,0.0040978617034852505,0.004760402254760265
449,0.004026562441140413,0.004351187497377396
450,0.003948704339563847,0.004516772460192442
451,0.0038837662432342768,0.00433352030813694
452,0.003911517094820738,0.004279783461242914
453,0.00402009766548872,0.004762438591569662
454,0.004221523646265268,0.004375049378722906
455,0.00417134165763855,0.0042504118755459785
456,0.0039972783997654915,0.004193734843283892
457,0.0039551449008286,0.00417466601356864
458,0.004019486252218485,0.004015415441244841
459,0.003945500124245882,0.0043630111031234264
460,0.003945528529584408,0.004016088321805
461,0.003873990848660469,0.00446481304243207
462,0.00417744368314743,0.004215196240693331
463,0.0041723535396158695,0.004274370614439249
464,0.004207570105791092,0.004451834596693516
465,0.004067582078278065,0.0043160864152014256
466,0.004159373231232166,0.004358064383268356
467,0.004128396511077881,0.004098870325833559
468,0.0041343653574585915,0.004334676079452038
469,0.004080578219145536,0.00434712553396821
470,0.004529919940978289,0.004346756264567375
471,0.004209681414067745,0.00424853665754199
472,0.004050153307616711,0.004270844627171755
473,0.0038442506920546293,0.004339033737778664
474,0.003991663921624422,0.004096086136996746
475,0.0038782141637057066,0.004096852615475655
476,0.003876542439684272,0.004068752750754356
477,0.004080991260707378,0.004547554533928633
478,0.004024484194815159,0.003980868961662054
479,0.003986400552093983,0.004156807437539101
480,0.003826817497611046,0.004291036631911993
481,0.00436030887067318,0.007117601577192545
482,0.004498636350035667,0.005096192006021738
483,0.004106463398784399,0.004124942235648632
484,0.004021551460027695,0.00468099070712924
485,0.003904247423633933,0.004338428843766451
486,0.0037654901389032602,0.004081257618963718
487,0.003818383440375328,0.004734248388558626
488,0.004008089657872915,0.004664350766688585
489,0.003968126606196165,0.004562064539641142
490,0.0038332741241902113,0.0046347142197191715
491,0.003992249257862568,0.004104297142475843
492,0.003936275839805603,0.004076940007507801
493,0.003947301302105188,0.004083511885255575
494,0.003992343321442604,0.004508456215262413
495,0.004126839805394411,0.0056414054706692696
496,0.004303439054638147,0.004064768087118864
497,0.004024086054414511,0.004149995744228363
498,0.003909341525286436,0.004564986098557711
499,0.0038118751253932714,0.004387876484543085
500,0.0038950510788708925,0.005002238322049379
501,0.003916391637176275,0.0039485483430325985
502,0.003977098967880011,0.004541614558547735
503,0.00390963489189744,0.004144891630858183
504,0.0038945432752370834,0.004358989652246237
505,0.003908321261405945,0.004559681285172701
506,0.004024853464215994,0.0038770914543420076
507,0.0040106927044689655,0.004503706004470587
508,0.003959091380238533,0.004378526471555233
509,0.004037969745695591,0.004680139012634754
510,0.004225307609885931,0.005273537244647741
511,0.004499339964240789,0.004349404480308294
512,0.004049452021718025,0.004394337069243193
513,0.0039548445492982864,0.004186299163848162
514,0.003895300440490246,0.0040535954758524895
515,0.003873431822285056,0.00433680834248662
516,0.0037646768614649773,0.004099346697330475
517,0.0037390547804534435,0.004262279719114304
518,0.0039585488848388195,0.004889620002359152
519,0.004311289172619581,0.0046137599274516106
520,0.003994977567344904,0.004132729023694992
521,0.004146692343056202,0.004059696104377508
522,0.0037780937273055315,0.004240701906383038
523,0.003846474690362811,0.004062487743794918
524,0.0037970140110701323,0.004047757014632225
525,0.003927640151232481,0.005173874087631702
526,0.003915013745427132,0.004085144959390163
527,0.003960980102419853,0.004097849130630493
528,0.0038918117061257362,0.004779946058988571
529,0.003867857391014695,0.004396833945065737
530,0.003973782528191805,0.004397681914269924
531,0.0038369186222553253,0.004380358848720789
532,0.0037951457779854536,0.004199139773845673
533,0.003825810272246599,0.004125567618757486
534,0.0037311094347387552,0.004178310744464397
535,0.003767729038372636,0.004673588089644909
536,0.003965564537793398,0.004585776012390852
537,0.006490887608379126,0.005342182237654924
538,0.005007431376725435,0.0052838572300970554
539,0.0045891269110143185,0.005131520330905914
540,0.004285973031073809,0.004487579222768545
541,0.004200038965791464,0.0047119492664933205
542,0.00411821436136961,0.004318020772188902
543,0.004123533610254526,0.004780069459229708
544,0.003995874430984259,0.004273168742656708
545,0.004034878220409155,0.00432578893378377
546,0.003750935895368457,0.004051050636917353
547,0.0038227427285164595,0.0042452323250472546
548,0.0038296489510685205,0.004272641614079475
549,0.0038734255358576775,0.004077812656760216
550,0.003858592826873064,0.004739360883831978
551,0.003868101630359888,0.0039648073725402355
552,0.003938842564821243,0.004577540326863527
553,0.004546805750578642,0.004299060441553593
554,0.004152541980147362,0.004719430115073919
555,0.0043803551234304905,0.0044414084404706955
556,0.0038805934600532055,0.004140788223594427
557,0.003990282770246267,0.004184516612440348
558,0.003738291561603546,0.004097144119441509
559,0.0036863635759800673,0.004091068636626005
560,0.003919313661754131,0.004793007392436266
561,0.004117071628570557,0.004129514098167419
562,0.003765861736610532,0.0040945676155388355
563,0.0038948270957916975,0.004359377082437277
564,0.0038097340147942305,0.00421405304223299
565,0.004033129196614027,0.0045759123750030994
566,0.003952631726861,0.0039658634923398495
567,0.0038025842513889074,0.003949547652155161
568,0.003779997117817402,0.0040274811908602715
569,0.003710153279826045,0.004112582188099623
570,0.0037663786206394434,0.0073279947973787785
571,0.00437491899356246,0.004759601783007383
572,0.004207116086035967,0.004175906535238028
573,0.004028757102787495,0.004179379902780056
574,0.0039243376813828945,0.004491083323955536
575,0.003889784449711442,0.004238951485604048
576,0.003776554949581623,0.005079364869743586
577,0.003959617577493191,0.00472966069355607
578,0.003857760690152645,0.003924546297639608
579,0.0037216325290501118,0.004443468991667032
580,0.003753457684069872,0.004167444072663784
581,0.003881251672282815,0.004654181655496359
582,0.004121305886656046,0.00429918896406889
583,0.004099929705262184,0.004266492091119289
584,0.004097231663763523,0.004986044485121965
585,0.003842360805720091,0.004080397076904774
586,0.003988388925790787,0.0044027213007211685
587,0.003850682405754924,0.004478910937905312
588,0.003715587081387639,0.0043444279581308365
589,0.003834466217085719,0.004287786316126585
590,0.0038349973037838936,0.004103129729628563
591,0.003789107082411647,0.0043288120068609715
592,0.0039026960730552673,0.004019811283797026
593,0.0038782053161412477,0.005038081202656031
594,0.0039827097207307816,0.006271577440202236
595,0.004229354206472635,0.004234058316797018
596,0.00400336692109704,0.00409427797421813
597,0.004130044486373663,0.004578441381454468
598,0.004347979556769133,0.004769379273056984
599,0.004021733999252319,0.0042116353288292885
600,0.003855073591694236,0.004024877678602934
601,0.005391210783272982,0.005004310514777899
602,0.004663553088903427,0.004284360911697149
603,0.004093499854207039,0.004186369013041258
604,0.0038444919046014547,0.004407395608723164
605,0.003920645918697119,0.004397394601255655
606,0.003973721992224455,0.004405582323670387
607,0.0038285015616565943,0.004150166176259518
608,0.0037809747736901045,0.003950939048081636
609,0.0038180069532245398,0.004418594762682915
610,0.003767582355067134,0.004228111822158098
611,0.003893631976097822,0.004177646245807409
612,0.0038662662263959646,0.004078228957951069
613,0.0037636340130120516,0.004180016927421093
614,0.0037093141581863165,0.004874632693827152
615,0.0038268165662884712,0.004130600951611996
616,0.0038694432005286217,0.0043363673612475395
617,0.003841213183477521,0.00395647156983614
618,0.004209561739116907,0.004192572087049484
619,0.00391947478055954,0.003790602320805192
620,0.0039746519178152084,0.00426268856972456
621,0.00377066433429718,0.004324712324887514
622,0.0037482096813619137,0.003977940417826176
623,0.0036943398881703615,0.004342859610915184
624,0.003793371608480811,0.0038966727443039417
625,0.0036979366559535265,0.003946252632886171
626,0.003704247996211052,0.004900265950709581
627,0.00380656193010509,0.004753807093948126
628,0.004259929060935974,0.004012320656329393
629,0.0038290098309516907,0.004089903552085161
630,0.003799928119406104,0.004559526219964027
631,0.003797522746026516,0.0041008819825947285
632,0.003874217625707388,0.0041054426692426205
633,0.0037106561940163374,0.004084776621311903
634,0.0038691540248692036,0.004274273756891489
635,0.0038628808688372374,0.004425333812832832
636,0.0038337446749210358,0.004477343522012234
637,0.0037050507962703705,0.003948424942791462
638,0.0036836997605860233,0.0038345949724316597
639,0.0037835852708667517,0.0039895582012832165
640,0.003716952633112669,0.0041432506404817104
641,0.004294493235647678,0.0044939154759049416
642,0.00390557455830276,0.004535593092441559
643,0.003986567724496126,0.004932848736643791
644,0.0037391297519207,0.004086703062057495
645,0.003791205817833543,0.004190659616142511
646,0.0037181712687015533,0.0047535886988043785
647,0.0036601510364562273,0.004095139447599649
648,0.0036687173414975405,0.004454873036593199
649,0.00374020729213953,0.004834743682295084
650,0.0038322554901242256,0.004539559595286846
651,0.003743123495951295,0.004598385654389858
652,0.003976625856012106,0.004301069304347038
653,0.004118467215448618,0.0061963265761733055
654,0.0039046905003488064,0.004125657025724649
655,0.0038099929224699736,0.003863627789542079
656,0.003886158112436533,0.0056337835267186165
657,0.003720742417499423,0.004474402405321598
658,0.003614442190155387,0.0043121143244206905
659,0.003967557102441788,0.005387801676988602
660,0.007699728477746248,0.007830873131752014
661,0.005957759916782379,0.005587611813098192
662,0.004990666639059782,0.005611831787973642
663,0.004521137569099665,0.004476066213101149
664,0.004232641309499741,0.0045415787026286125
665,0.004052550997585058,0.004377647303044796
666,0.004003886599093676,0.00438711466267705
667,0.003962917719036341,0.004598159808665514
668,0.0039475481025874615,0.004288151394575834
669,0.0038849329575896263,0.0043963538482785225
670,0.004037951119244099,0.005323127377778292
671,0.004024071153253317,0.0042168754152953625
672,0.0040666344575583935,0.0047786645591259
673,0.003858530428260565,0.004493511747568846
674,0.004068633075803518,0.004479397553950548
675,0.003912619315087795,0.004501979798078537
676,0.0038506232667714357,0.004566316958516836
677,0.00402279756963253,0.004465317353606224
678,0.0038771701510995626,0.004378001671284437
679,0.0037881690077483654,0.004255769308656454
680,0.003944192081689835,0.004212688188999891
681,0.0037706727162003517,0.004339054226875305
682,0.003781465580686927,0.004151829518377781
683,0.003762986743822694,0.00419224239885807
684,0.0038463117089122534,0.004373176954686642
685,0.0037792762741446495,0.004288118332624435
686,0.0037212895695120096,0.004165853839367628
687,0.003904270473867655,0.004382035229355097
688,0.004175134468823671,0.0045984298922121525
689,0.003875270951539278,0.0042409286834299564
690,0.003720640204846859,0.004295938648283482
691,0.0036852725315839052,0.00465193809941411
692,0.0041876244358718395,0.004450297448784113
693,0.003898884169757366,0.003922904841601849
694,0.0037394254468381405,0.004229436162859201
695,0.0038344122003763914,0.004314150661230087
696,0.0037615078035742044,0.004345365334302187
697,0.003816927084699273,0.004106566775590181
698,0.0036686169914901257,0.004416560288518667
699,0.003817113349214196,0.004342399071902037
700,0.004107103683054447,0.004319222643971443
701,0.0038841760251671076,0.004124089144170284
702,0.0036274543963372707,0.004084611311554909
703,0.003594408743083477,0.004249433986842632
704,0.003689331468194723,0.004310434218496084
705,0.0037757738027721643,0.004187896382063627
706,0.0038283239118754864,0.004434491507709026
707,0.003786609508097172,0.0044841645285487175
708,0.003749836003407836,0.004278187174350023
709,0.003790793474763632,0.003970182500779629
710,0.003645090851932764,0.004614606965333223
711,0.0037932335399091244,0.004202916752547026
712,0.003683060873299837,0.004207691177725792
713,0.003601357340812683,0.004361854866147041
714,0.0036459427792578936,0.004318907391279936
715,0.003776452736929059,0.004146853927522898
716,0.004065544810146093,0.004478170536458492
717,0.0037831671070307493,0.004183158278465271
718,0.0036906166933476925,0.004107974469661713
719,0.003666250966489315,0.004282650072127581
720,0.0037373823579400778,0.003953190986067057
721,0.0036041985731571913,0.004105357453227043
722,0.0036334244068711996,0.004158216528594494
723,0.0037243820261210203,0.004298868589103222
724,0.0038519834633916616,0.004258427768945694
725,0.0037548302207142115,0.004312603268772364
726,0.0038294352125376463,0.004183559212833643
727,0.0036848692689090967,0.004108898341655731
728,0.0036476650275290012,0.004203828051686287
729,0.0036929729394614697,0.004200296010822058
730,0.0036245868541300297,0.004292795900255442
731,0.0037588600534945726,0.004027446266263723
732,0.0036381047684699297,0.00436801090836525
733,0.00362698407843709,0.004085905849933624
734,0.003597489558160305,0.004347878508269787
735,0.004052249249070883,0.004263308830559254
736,0.003943220712244511,0.004064828623086214
737,0.0036869675386697054,0.004170704632997513
738,0.0037748117465525866,0.004309073090553284
739,0.0036572718527168036,0.004013693891465664
740,0.0036143239121884108,0.004149215295910835
741,0.0036093646194785833,0.004405132960528135
742,0.003625792684033513,0.004223364405333996
743,0.003554399125277996,0.0044235228560864925
744,0.003699250053614378,0.004377787932753563
745,0.0042362092062830925,0.003962624352425337
746,0.003850073553621769,0.0044483281672000885
747,0.0040521337650716305,0.004340842831879854
748,0.0038182272110134363,0.003998991567641497
749,0.0036723569501191378,0.00414943415671587
750,0.003931768238544464,0.005021279212087393
751,0.003707716939970851,0.0041316598653793335
752,0.0037107965908944607,0.003968842327594757
753,0.00376115832477808,0.00430789589881897
754,0.0040517100133001804,0.004425594117492437
755,0.0039400928653776646,0.004021374508738518
756,0.0038049891591072083,0.004567455966025591
757,0.004052512813359499,0.004373868927359581
758,0.0038827620446681976,0.0044098817743361
759,0.003664239076897502,0.004125076811760664
760,0.0035883551463484764,0.005086102988570929
761,0.0037130173295736313,0.004734588786959648
762,0.0038757179863750935,0.004176923539489508
763,0.0038133871275931597,0.005498033482581377
764,0.003818645142018795,0.0042948112823069096
765,0.0037894188426434994,0.004333506803959608
766,0.004071386065334082,0.004615164361894131
767,0.003783535910770297,0.004487953614443541
768,0.0037292640190571547,0.004065488465130329
769,0.0037447772920131683,0.0045323981903493404
770,0.0038248607888817787,0.004342265427112579
771,0.0037222635000944138,0.00429393257945776
772,0.0035959905944764614,0.004485959652811289
773,0.003635820932686329,0.004104565363377333
774,0.0035476135089993477,0.004238578956574202
775,0.003797522746026516,0.004077173303812742
776,0.0036747457925230265,0.0042552645318210125
777,0.003592314198613167,0.004058758728206158
778,0.003741713473573327,0.0040452140383422375
779,0.003671179059892893,0.0043749152682721615
780,0.0037085111252963543,0.004162266850471497
781,0.0037626386620104313,0.004012505058199167
782,0.003694166662171483,0.0038689083885401487
783,0.003558848053216934,0.0042077237740159035
784,0.0035266282502561808,0.00395834818482399
785,0.003504375461488962,0.00406227121129632
786,0.003611682215705514,0.004238247871398926
787,0.0037255212664604187,0.004232405684888363
788,0.00372701371088624,0.004292238503694534
789,0.00406850827857852,0.004303056746721268
790,0.0037114573642611504,0.004531615413725376
791,0.0035836200695484877,0.004215152468532324
792,0.00360466493293643,0.004178780596703291
793,0.0037387548945844173,0.0046942345798015594
794,0.0035396136809140444,0.003918095491826534
795,0.003574626985937357,0.004096878692507744
796,0.0034630862064659595,0.004118959419429302
797,0.003606576705351472,0.004358741920441389
798,0.0036485041491687298,0.004316401667892933
799,0.0036864459980279207,0.0039737955667078495
800,0.00359331420622766,0.004499902483075857
801,0.0036439939867705107,0.0039516291581094265
802,0.0036403299309313297,0.004047030583024025
803,0.003794666612520814,0.004328719340264797
804,0.0035649968776851892,0.003977386746555567
805,0.0035993733908981085,0.004146504681557417
806,0.0036477837711572647,0.003821293357759714
807,0.0035223595332354307,0.003828686662018299
808,0.003542013932019472,0.00406189588829875
809,0.0035776880104094744,0.004124955739825964
810,0.0035469576250761747,0.003965136595070362
811,0.0037385018076747656,0.004154941067099571
812,0.003576778108254075,0.004343952983617783
813,0.003600095631554723,0.004139924421906471
814,0.0035989952739328146,0.00398049084469676
815,0.0036491872742772102,0.003976968117058277
816,0.0035140712279826403,0.003869839711114764
817,0.00361214904114604,0.004305197857320309
818,0.003828519256785512,0.004092224407941103
819,0.003692302852869034,0.004059675149619579
820,0.0035344872158020735,0.0038278887514024973
821,0.00357778905890882,0.003986286465078592
822,0.0035338723100721836,0.004214155487716198
823,0.003878731746226549,0.004094433505088091
824,0.0036497663240879774,0.004100318066775799
825,0.0035042669624090195,0.003888772102072835
826,0.0034673435147851706,0.0040750810876488686
827,0.0035677284467965364,0.0038936135824769735
828,0.003929206170141697,0.004124355502426624
829,0.0036975645925849676,0.0041389018297195435
830,0.0037187973503023386,0.003982268739491701
831,0.0036453665234148502,0.005036332178860903
832,0.003632619744166732,0.004034119192510843
833,0.003731138538569212,0.007254341151565313
834,0.004652080591768026,0.004227131139487028
835,0.0037831731606274843,0.004025422967970371
836,0.0036892839707434177,0.004446191713213921
837,0.0037440296728163958,0.0039730253629386425
838,0.00346578867174685,0.00410417327657342
839,0.004694797098636627,0.0040455530397593975
840,0.0037779565900564194,0.004061765503138304
841,0.003668922232463956,0.004572723526507616
842,0.0037860891316086054,0.0043983375653624535
843,0.003714153543114662,0.003953869920223951
844,0.003523340215906501,0.00397087074816227
845,0.0035762921907007694,0.003799468046054244
846,0.0036205833312124014,0.003984612412750721
847,0.003516413737088442,0.004009665921330452
848,0.003564678132534027,0.004093039780855179
849,0.0036296341568231583,0.0042073954828083515
850,0.0038360473699867725,0.003964446950703859
851,0.0038338550366461277,0.00391053594648838
852,0.003575039329007268,0.003987214062362909
853,0.0035432574804872274,0.004009614232927561
854,0.0034331323113292456,0.003914013970643282
855,0.0035184777807444334,0.0038591050542891026
856,0.0035434451419860125,0.004129938315600157
857,0.0036456992384046316,0.003938156645745039
858,0.0035876522306352854,0.0038705961778759956
859,0.0036323298700153828,0.0039010129403322935
860,0.0035842973738908768,0.004004656337201595
861,0.0035816458985209465,0.003944634925574064
862,0.004103338811546564,0.004209229722619057
863,0.0037578479386866093,0.003971199970692396
864,0.003590479027479887,0.00416784081608057
865,0.003652127692475915,0.003979263361543417
866,0.0035126316361129284,0.003808531677350402
867,0.003602634882554412,0.004441050812602043
868,0.0035459152422845364,0.004126043524593115
869,0.003637120593339205,0.003998619969934225
870,0.0036988186184316874,0.0042402115650475025
871,0.0035701559390872717,0.004032328259199858
872,0.00352497398853302,0.0038962645921856165
873,0.003520103869959712,0.003818684257566929
874,0.0037044272758066654,0.0041473438031971455
875,0.003580075688660145,0.004261756781488657
876,0.003582770237699151,0.003858330426737666
877,0.003454773221164942,0.003836655290797353
878,0.0036172696854919195,0.0038820034824311733
879,0.0036614262498915195,0.00424798671156168
880,0.0035883390810340643,0.003806645516306162
881,0.003588975640013814,0.003917541354894638
882,0.0036154070403426886,0.004062155727297068
883,0.0034963651560246944,0.004050455521792173
884,0.0035253092646598816,0.004145917948335409
885,0.0036667906679213047,0.00420759292319417
886,0.0035590215120464563,0.003727027215063572
887,0.003445517970249057,0.0038307709619402885
888,0.0035661510191857815,0.003888912033289671
889,0.003733751131221652,0.004279131069779396
890,0.003872297005727887,0.003964153118431568
891,0.0036024784203618765,0.004098174162209034
892,0.0037693302147090435,0.004793509840965271
893,0.003948130179196596,0.004020235501229763
894,0.0037115870509296656,0.0043898834846913815
895,0.003664296120405197,0.004447947256267071
896,0.003553261049091816,0.0038050366565585136
897,0.003476038109511137,0.0041258311830461025
898,0.003567587584257126,0.00412764260545373
899,0.003568244632333517,0.004148468840867281
900,0.0037131074350327253,0.004324717912822962
901,0.0035675005055963993,0.0038963535334914923
902,0.0034940156619995832,0.004125838167965412
903,0.003545184386894107,0.003971734084188938
904,0.0035314741544425488,0.004098665434867144
905,0.00376805174164474,0.004297505132853985
906,0.049392860382795334,0.026478523388504982
907,0.016160009428858757,0.009479893371462822
908,0.008228818885982037,0.00717268418520689
909,0.006988451816141605,0.006591539829969406
910,0.00640673004090786,0.005922547075897455
911,0.006109016481786966,0.006227853242307901
912,0.005908243358135223,0.005754369776695967
913,0.005704346112906933,0.0055122533813118935
914,0.005502133630216122,0.00543995201587677
915,0.005310966167598963,0.005224803928285837
916,0.005212896969169378,0.00518529349938035
917,0.005195631645619869,0.00517155509442091
918,0.005168193951249123,0.00544495414942503
919,0.005236154887825251,0.005655314773321152
920,0.0051847887225449085,0.005637079477310181
921,0.0049758292734622955,0.0054977708496153355
922,0.004835077095776796,0.004810121841728687
923,0.0047857011668384075,0.0050302110612392426
924,0.00474814185872674,0.005028886254876852
925,0.0047254543751478195,0.004545603878796101
926,0.004781808704137802,0.004982584621757269
927,0.004693939350545406,0.0046693203039467335
928,0.004619795363396406,0.0045702182687819
929,0.0045502763241529465,0.004480635281652212
930,0.004669241141527891,0.004739444237202406
931,0.004591246601194143,0.004682064522057772
932,0.004480666946619749,0.004552783910185099
933,0.00463401572778821,0.004639440216124058
934,0.004572533071041107,0.0045675006695091724
935,0.0044809384271502495,0.004672469105571508
936,0.004465190693736076,0.004485141020268202
937,0.0044164881110191345,0.004489257000386715
938,0.004372324328869581,0.004435388371348381
939,0.004386213608086109,0.00458459323272109
940,0.004379115533083677,0.004632402211427689
941,0.004458887502551079,0.004456167574971914
942,0.004565611481666565,0.00481298565864563
943,0.004386191256344318,0.004859032575041056
944,0.004317787010222673,0.0047828699462115765
945,0.00459001399576664,0.004594429861754179
946,0.004427655134350061,0.006620066240429878
947,0.004475571680814028,0.00440576346591115
948,0.00424231868237257,0.004477355163544416
949,0.004192721098661423,0.004458329174667597
950,0.004199688322842121,0.004917721729725599
951,0.004560859873890877,0.004575008060783148
952,0.004507485311478376,0.004288687836378813
953,0.0043076323345303535,0.004597197752445936
954,0.00454656220972538,0.004341115243732929
955,0.005716599058359861,0.006014649756252766
956,0.00492576090618968,0.004429361317306757
957,0.004457624163478613,0.004438087344169617
958,0.004316637292504311,0.004478280432522297
959,0.0042578671127557755,0.004467516206204891
960,0.004249388352036476,0.004476387519389391
961,0.00420740433037281,0.004780951887369156
962,0.004174497444182634,0.004673351999372244
963,0.004280805122107267,0.004535968415439129
964,0.0045396918430924416,0.004827612545341253
965,0.004439553711563349,0.004461970645934343
966,0.0042872256599366665,0.004458605777472258
967,0.004238374996930361,0.0047211856581270695
968,0.00417886720970273,0.004420523531734943
969,0.004261372610926628,0.004625315312296152
970,0.004507247358560562,0.004699383396655321
971,0.004194735083729029,0.004867136478424072
972,0.0042024534195661545,0.004879537038505077
973,0.004178555682301521,0.004506865981966257
974,0.004123365506529808,0.004944406915456057
975,0.004112746100872755,0.004591277800500393
976,0.004114318173378706,0.0045213233679533005
977,0.004164533223956823,0.00447139423340559
978,0.004153103567659855,0.004868808202445507
