epoch,loss,val_loss
0,1.7438195943832397,0.6643128991127014
1,0.21486523747444153,0.5212207436561584
2,0.45353084802627563,0.2060985565185547
3,-0.36591869592666626,-0.4641709625720978
4,-0.8247848153114319,-0.9030592441558838
5,-1.0690902471542358,-1.08847177028656
6,-1.1581562757492065,-1.3956953287124634
7,-1.200568437576294,-1.2293932437896729
8,-1.3586010932922363,-1.5898035764694214
9,-1.4429734945297241,-1.3706488609313965
10,-1.2453454732894897,-0.9603142738342285
11,-0.7117137908935547,-1.3166859149932861
12,-1.2266318798065186,-1.4880656003952026
13,-1.4343754053115845,-0.09866288304328918
14,-1.4510924816131592,-1.575621247291565
15,-1.6320562362670898,-1.7286291122436523
16,-1.603541612625122,-1.6014328002929688
17,-1.6732252836227417,-1.5137341022491455
18,-1.603959083557129,-1.76638925075531
19,-1.6354893445968628,-1.7686270475387573
20,-1.6819654703140259,-1.5415626764297485
21,-1.6941540241241455,-1.7455538511276245
22,-1.7260528802871704,-1.6656670570373535
23,-1.7246382236480713,-1.7172943353652954
24,-1.749110221862793,-1.7412117719650269
25,-1.7314950227737427,-1.812510371208191
26,-1.709263801574707,-1.8418933153152466
27,-1.7558304071426392,-1.8153934478759766
28,-1.711029291152954,-1.851410984992981
29,-1.7195723056793213,-1.815955638885498
30,-1.7807608842849731,-1.8975156545639038
31,-1.772620439529419,-1.6992578506469727
32,-1.7739249467849731,-1.8485957384109497
33,-1.7377485036849976,-1.8745694160461426
34,-1.769437551498413,-1.905409336090088
35,-1.7959648370742798,-1.7664282321929932
36,-1.7881779670715332,-1.843248963356018
37,-1.745282769203186,-1.8766711950302124
38,-1.7868725061416626,-1.7704933881759644
39,-1.8170950412750244,-1.5178942680358887
40,-1.7986658811569214,-1.8062684535980225
41,-1.7891358137130737,-1.8705246448516846
42,-1.7725616693496704,-1.808250904083252
43,-1.8232723474502563,-1.8441325426101685
44,-1.8295537233352661,-1.7688671350479126
45,-1.7887169122695923,-1.9397985935211182
46,-1.8258641958236694,-1.2869689464569092
47,-1.8062522411346436,-1.9440773725509644
48,-1.832371473312378,-1.8901914358139038
49,-1.831892728805542,-1.9412059783935547
50,-1.7932318449020386,-1.7291316986083984
51,-1.841251254081726,-1.8527631759643555
52,-1.8380099534988403,-1.6268682479858398
53,-1.820157766342163,-1.687895655632019
54,-1.8472179174423218,-1.8302092552185059
55,-1.8254495859146118,-1.903664231300354
56,-1.8688958883285522,-1.7638132572174072
57,-1.8604732751846313,-1.7178715467453003
58,-1.8754355907440186,-0.9341414570808411
59,-1.8233014345169067,-1.9625732898712158
60,-1.8674405813217163,-1.9294105768203735
61,-1.8396974802017212,-1.9557856321334839
62,-1.850064754486084,-1.9531909227371216
63,-1.86338210105896,-1.9578245878219604
64,-1.8619771003723145,-1.945243239402771
65,-1.8723649978637695,-1.9080201387405396
66,-1.8878804445266724,-1.9115945100784302
67,-1.8780580759048462,-1.768203854560852
68,-1.8566123247146606,-1.8543870449066162
69,-1.8807766437530518,-1.9136239290237427
70,-1.8789372444152832,-1.871246576309204
71,-1.8490487337112427,-1.9351894855499268
72,-1.8971718549728394,-1.871274709701538
73,-1.8970345258712769,-1.9437029361724854
74,-1.8923429250717163,-1.9110509157180786
75,-1.8838708400726318,-1.8337956666946411
76,-1.872341275215149,-1.8130500316619873
77,-1.8924039602279663,-1.225709319114685
78,-1.8975906372070312,-1.7543919086456299
79,-1.8898952007293701,-1.9882813692092896
80,-1.8729702234268188,-1.970201849937439
81,-1.9014935493469238,-1.8026435375213623
82,-1.8638274669647217,-1.922393798828125
83,-1.8825314044952393,-1.8966870307922363
84,-1.8922847509384155,-1.9373149871826172
85,-1.905916452407837,-1.9638360738754272
86,-1.9142403602600098,-1.912843108177185
87,-1.9024081230163574,-1.9243688583374023
88,-1.8934623003005981,-1.9806104898452759
89,-1.8883082866668701,-2.000502586364746
90,-1.8826453685760498,-1.8639557361602783
91,-1.9176995754241943,-1.9546234607696533
92,-1.850829839706421,-1.7743024826049805
93,-1.926934838294983,-1.9797520637512207
94,-1.9091511964797974,-1.981932520866394
95,-1.925938367843628,-1.9246091842651367
96,-1.8983464241027832,-1.833915114402771
97,-1.9320622682571411,-1.970956563949585
98,-1.9202064275741577,-1.8717721700668335
99,-1.9123843908309937,-1.8289633989334106
100,-1.9160722494125366,-1.975441575050354
101,-1.9252963066101074,-1.9418699741363525
102,-1.8961504697799683,-1.9691109657287598
103,-1.933762550354004,-1.9059869050979614
104,-1.943432331085205,-1.973531723022461
105,-1.935320258140564,-1.9420868158340454
106,-1.9258977174758911,-1.9733576774597168
107,-1.9196217060089111,-1.989623785018921
108,-1.9173269271850586,-2.0127511024475098
109,-1.9181649684906006,-1.9683220386505127
110,-1.9232970476150513,-1.9858804941177368
111,-1.9305638074874878,-1.7307488918304443
112,-1.9399405717849731,-1.981399416923523
113,-1.93630850315094,-1.9803355932235718
114,-1.9393831491470337,-1.7777549028396606
115,-1.8845574855804443,-2.002037286758423
116,-1.9268085956573486,-2.0030150413513184
117,-1.9378939867019653,-2.025570869445801
118,-1.9495675563812256,-2.0042355060577393
119,-1.945791482925415,-2.0053884983062744
120,-1.9428987503051758,-2.0112104415893555
121,-1.925195574760437,-1.9879381656646729
122,-1.9460937976837158,-2.017892360687256
123,-1.9487221240997314,-1.9866201877593994
124,-1.951459527015686,-1.9777021408081055
125,-1.9381693601608276,-1.9899606704711914
126,-1.95292329788208,-1.9691768884658813
127,-1.9350759983062744,-1.9862476587295532
128,-1.9661146402359009,-1.7859264612197876
129,-1.9606521129608154,-1.9645665884017944
130,-1.9292176961898804,-1.9417273998260498
131,-1.9463820457458496,-1.8944392204284668
132,-1.9411829710006714,-2.0271739959716797
133,-1.959302544593811,-1.9523344039916992
134,-1.9699593782424927,-2.003518581390381
135,-1.9532264471054077,-1.8078508377075195
136,-1.9520710706710815,-1.8909770250320435
137,-1.9468955993652344,-1.9881665706634521
138,-1.940553069114685,-1.7386302947998047
139,-1.9450803995132446,-1.969150185585022
140,-1.9586818218231201,-2.010256052017212
141,-1.9583989381790161,-1.976661205291748
142,-1.9454970359802246,-1.9788569211959839
143,-1.952662706375122,-1.7680336236953735
144,-1.953052282333374,-1.9387637376785278
145,-1.9563772678375244,-2.021798849105835
146,-1.9701385498046875,-1.9513115882873535
147,-1.929364800453186,-2.014845371246338
148,-1.9664825201034546,-1.947043776512146
149,-1.9569222927093506,-1.8497984409332275
150,-1.960904836654663,-1.7845948934555054
151,-1.9671003818511963,-2.0111918449401855
152,-1.963708519935608,-2.018231153488159
153,-1.9666246175765991,-1.9085077047348022
154,-1.9635889530181885,-2.0237908363342285
155,-1.9620490074157715,-2.0192954540252686
156,-1.9458369016647339,-1.9673742055892944
157,-1.9619086980819702,-1.9717155694961548
158,-1.9628605842590332,-1.8459374904632568
159,-1.9700663089752197,-2.025453805923462
160,-1.9838695526123047,-2.0271153450012207
161,-1.9651647806167603,-2.0254738330841064
162,-1.9492518901824951,-1.9607045650482178
163,-1.9573335647583008,-1.9782776832580566
164,-1.964600682258606,-2.0155131816864014
165,-1.978971242904663,-1.9006768465042114
166,-1.974324107170105,-2.0063273906707764
167,-1.9912773370742798,-2.009749174118042
168,-1.9574570655822754,-2.0127320289611816
169,-1.9591515064239502,-2.008981466293335
170,-1.9742794036865234,-1.872402310371399
171,-1.9759095907211304,-1.9345989227294922
172,-1.976327896118164,-2.0241541862487793
173,-1.9678233861923218,-1.996395468711853
174,-1.960919737815857,-1.7970539331436157
175,-1.9567914009094238,-1.8757637739181519
176,-1.9806052446365356,-2.0145928859710693
177,-1.9801381826400757,-1.99204683303833
178,-1.9859081506729126,-1.9868226051330566
179,-1.961622953414917,-1.9891520738601685
180,-1.9760193824768066,-1.8871756792068481
181,-1.9764549732208252,-1.9783384799957275
182,-1.9843533039093018,-1.9873559474945068
183,-1.982728362083435,-2.0318474769592285
184,-1.9762983322143555,-1.990020751953125
185,-1.9690417051315308,-2.001102924346924
186,-1.9865566492080688,-1.9929909706115723
187,-1.9827802181243896,-1.9751553535461426
188,-1.9750089645385742,-1.996297001838684
189,-1.9835275411605835,-1.9111131429672241
190,-1.9849764108657837,-1.9746512174606323
191,-1.9751719236373901,-1.933566927909851
192,-1.9869904518127441,-2.022993326187134
193,-1.9979156255722046,-2.0324997901916504
194,-1.96601140499115,-1.5987334251403809
195,-1.9725016355514526,-1.84652841091156
196,-1.9898356199264526,-1.9039709568023682
197,-1.9769114255905151,-2.0211243629455566
198,-1.986991047859192,-1.9220128059387207
199,-1.992588758468628,-2.036803722381592
200,-1.9834662675857544,-1.995037317276001
201,-1.983852505683899,-1.8713778257369995
202,-1.9776891469955444,-2.005581855773926
203,-1.9889839887619019,-2.010308027267456
204,-1.9767358303070068,-2.0014214515686035
205,-1.9888898134231567,-1.9639545679092407
206,-1.9908225536346436,-1.872473120689392
207,-1.976629376411438,-1.8146840333938599
208,-2.002284288406372,-1.9288395643234253
209,-1.9941049814224243,-2.008235216140747
210,-1.9804781675338745,-1.9272793531417847
211,-1.985476016998291,-2.0004281997680664
212,-1.994729995727539,-2.040968894958496
213,-1.9888510704040527,-1.9672050476074219
214,-1.9915019273757935,-1.9728037118911743
215,-1.9832122325897217,-2.021287441253662
216,-1.9950568675994873,-2.0022077560424805
217,-1.9969584941864014,-1.994193434715271
218,-1.9825520515441895,-1.9713765382766724
219,-1.9851237535476685,-2.0258560180664062
220,-1.988101840019226,-1.772654414176941
221,-1.9833751916885376,-2.0546913146972656
222,-1.9982739686965942,-2.046874523162842
223,-2.0016446113586426,-1.962878704071045
224,-1.9896631240844727,-2.006430149078369
225,-1.9876983165740967,-1.9480093717575073
226,-1.9836719036102295,-1.9595437049865723
227,-1.9924616813659668,-1.922489881515503
228,-1.993382453918457,-1.988169550895691
229,-1.9883698225021362,-1.8065040111541748
230,-1.9910639524459839,-2.0481903553009033
231,-1.9939820766448975,-2.042131185531616
232,-1.9906871318817139,-2.005561590194702
233,-1.9821081161499023,-1.7487845420837402
234,-1.996461033821106,-2.032973527908325
235,-1.9908479452133179,-1.8840984106063843
236,-1.9804874658584595,-2.01874041557312
237,-1.9965680837631226,-2.0029971599578857
238,-1.993929386138916,-2.019979476928711
239,-1.9955962896347046,-2.0145232677459717
240,-2.0128393173217773,-1.911752462387085
241,-1.9740406274795532,-2.0510916709899902
242,-1.995046854019165,-1.9724596738815308
243,-1.999353289604187,-2.0418102741241455
244,-2.007373571395874,-1.9994990825653076
245,-2.0098764896392822,-1.8344392776489258
246,-1.9920616149902344,-2.0184874534606934
247,-1.9880917072296143,-2.0417280197143555
248,-2.0022759437561035,-1.9515581130981445
249,-1.9933631420135498,-2.0436153411865234
250,-2.0107462406158447,-1.908755898475647
251,-1.991565465927124,-1.9822118282318115
252,-1.995393991470337,-1.97284996509552
253,-1.9990347623825073,-1.967003583908081
254,-1.996176838874817,-2.0349130630493164
255,-1.9952876567840576,-1.832838535308838
256,-2.0051050186157227,-1.9749011993408203
257,-1.9959337711334229,-2.0547409057617188
258,-2.0104994773864746,-1.858193278312683
259,-2.0020058155059814,-2.0074517726898193
260,-1.993588924407959,-2.006347894668579
261,-2.0027856826782227,-2.0145103931427
262,-1.9753375053405762,-1.977555513381958
263,-2.0026299953460693,-2.010075092315674
264,-1.9945917129516602,-1.7386268377304077
265,-1.4007295370101929,-1.6465815305709839
266,-1.6909289360046387,-1.7592369318008423
267,-1.779943585395813,-1.7861413955688477
268,-1.813396692276001,-1.8706674575805664
269,-1.8414766788482666,-1.8601524829864502
270,-1.8573976755142212,-1.9189977645874023
271,-1.8561874628067017,-1.9146463871002197
272,-1.8804510831832886,-1.9409456253051758
273,-1.8873769044876099,-1.931439995765686
274,-1.889697551727295,-1.8893500566482544
275,-1.8942168951034546,-1.9083232879638672
276,-1.887763500213623,-1.900402545928955
277,-1.8940001726150513,-1.8768309354782104
278,-1.8969385623931885,-1.9440457820892334
279,-1.9119170904159546,-1.9565881490707397
280,-1.8990647792816162,-1.8441417217254639
281,-1.9088523387908936,-1.9377741813659668
282,-1.9033558368682861,-1.9439418315887451
283,-1.9272311925888062,-1.7449486255645752
284,-1.8981366157531738,-1.9218202829360962
285,-1.9146524667739868,-1.8853224515914917
286,-1.9095739126205444,-1.854881763458252
287,-1.9347264766693115,-1.937637209892273
288,-1.9079679250717163,-1.8987598419189453
289,-1.907073736190796,-1.8261619806289673
290,-1.9330484867095947,-1.8407737016677856
291,-1.9409664869308472,-1.9824904203414917
292,-1.9490697383880615,-1.9800690412521362
293,-1.9294060468673706,-1.8715147972106934
294,-1.9403156042099,-1.8384116888046265
295,-1.9519789218902588,-1.940326452255249
296,-1.9388585090637207,-1.9257304668426514
297,-1.9439927339553833,-1.9651137590408325
298,-1.9393433332443237,-1.8841273784637451
299,-1.9379874467849731,-1.979452133178711
300,-1.9523882865905762,-1.9736976623535156
301,-1.9588425159454346,-1.9805653095245361
302,-1.946986436843872,-1.9345976114273071
303,-1.9510239362716675,-1.8660287857055664
304,-1.9487584829330444,-1.9364770650863647
305,-1.9527883529663086,-1.8301903009414673
306,-1.9542895555496216,-1.957444429397583
307,-1.9399725198745728,-1.9513282775878906
308,-1.9505175352096558,-1.9928185939788818
309,-1.9478873014450073,-1.7734193801879883
310,-1.9563641548156738,-1.9469373226165771
311,-1.963536262512207,-1.9865715503692627
312,-1.950843334197998,-1.8972572088241577
313,-1.958945393562317,-2.00594425201416
314,-1.9495139122009277,-1.9309289455413818
315,-1.9682239294052124,-2.0124154090881348
316,-1.9664185047149658,-1.99653160572052
317,-1.964759111404419,-1.8778088092803955
318,-1.9657306671142578,-2.013690233230591
319,-1.961000680923462,-1.9670932292938232
320,-1.973262906074524,-2.020601511001587
321,-1.9676746129989624,-1.9925931692123413
322,-1.9683021306991577,-1.9556998014450073
323,-1.965540885925293,-1.9870573282241821
324,-1.9539562463760376,-1.9899983406066895
325,-1.973453164100647,-1.9165446758270264
326,-1.9656860828399658,-2.0036139488220215
327,-1.9622310400009155,-1.9793646335601807
328,-1.9712896347045898,-1.9853214025497437
329,-1.9718698263168335,-1.8124135732650757
330,-1.987345814704895,-1.743114709854126
331,-1.9713047742843628,-1.8598260879516602
332,-1.9695196151733398,-2.0158183574676514
333,-1.9724096059799194,-1.9985132217407227
334,-1.9752076864242554,-2.001508951187134
335,-1.9809770584106445,-1.9061272144317627
336,-1.9630043506622314,-2.022141456604004
337,-1.9798024892807007,-2.0126397609710693
338,-1.9705437421798706,-1.7886221408843994
339,-1.9696929454803467,-1.9929609298706055
340,-1.9701039791107178,-2.021143674850464
341,-1.9733253717422485,-2.005746364593506
342,-1.974816918373108,-2.0142436027526855
343,-1.9893897771835327,-1.9483619928359985
344,-1.976227045059204,-1.9843323230743408
345,-1.975322961807251,-1.627390742301941
346,-1.9671624898910522,-1.930106520652771
347,-1.9769116640090942,-1.8733024597167969
348,-1.9753974676132202,-1.9755709171295166
349,-1.9746512174606323,-1.889546513557434
350,-1.973190188407898,-2.02436900138855
351,-1.985447883605957,-1.9965533018112183
352,-1.9725873470306396,-1.9427564144134521
353,-1.9820139408111572,-2.0010533332824707
354,-1.9807283878326416,-2.001800775527954
355,-1.9578291177749634,-1.953758716583252
356,-1.990828514099121,-1.973537802696228
357,-1.982409954071045,-1.9016693830490112
358,-1.984117031097412,-1.9200688600540161
359,-1.9756295680999756,-2.0251219272613525
360,-1.9889123439788818,-2.0094869136810303
361,-1.9848401546478271,-2.0084633827209473
362,-1.986366868019104,-1.9809367656707764
363,-1.9830281734466553,-1.996803879737854
364,-1.9829100370407104,-1.892480492591858
365,-1.968019962310791,-1.9765574932098389
366,-1.9898431301116943,-1.9265073537826538
367,-1.987929344177246,-2.0165162086486816
368,-1.9963370561599731,-1.7979280948638916
369,-1.9826514720916748,-2.0152225494384766
370,-1.978226661682129,-1.9827910661697388
371,-1.9690581560134888,-2.0234317779541016
372,-1.9957181215286255,-1.98766028881073
373,-1.9810965061187744,-1.854004979133606
374,-1.9863297939300537,-1.9112153053283691
375,-1.9866760969161987,-1.9887810945510864
376,-1.9890333414077759,-2.0077922344207764
377,-1.9872052669525146,-2.018132209777832
378,-1.989935040473938,-1.9346579313278198
379,-1.9877222776412964,-1.9800689220428467
380,-1.987608551979065,-1.9670064449310303
381,-1.9934495687484741,-2.0388917922973633
382,-1.9907166957855225,-1.9656398296356201
383,-1.9726468324661255,-2.0076675415039062
384,-1.979231834411621,-1.9702181816101074
385,-1.9864721298217773,-1.984379529953003
386,-1.9850118160247803,-2.0271100997924805
387,-1.9963632822036743,-1.9548323154449463
388,-2.00075101852417,-2.0161561965942383
389,-1.9818779230117798,-2.0198025703430176
390,-1.9778151512145996,-2.006399393081665
391,-1.9811712503433228,-2.004955530166626
392,-1.9952231645584106,-1.997025728225708
393,-1.9992612600326538,-1.967281699180603
394,-1.9979816675186157,-2.018266201019287
395,-1.985470175743103,-1.9478724002838135
396,-1.9958950281143188,-1.9307137727737427
397,-1.9828335046768188,-1.9919300079345703
398,-1.9833873510360718,-1.9567060470581055
399,-1.9906598329544067,-2.0018391609191895
400,-2.009506940841675,-2.030205011367798
401,-1.980547547340393,-1.8960362672805786
402,-1.9878095388412476,-2.0204412937164307
403,-1.992465615272522,-1.9325823783874512
404,-1.9906169176101685,-2.0175092220306396
405,-2.000502347946167,-1.9882978200912476
406,-2.0003747940063477,-2.005178213119507
407,-1.9871457815170288,-1.9437661170959473
408,-1.9869987964630127,-2.0066614151000977
409,-2.0021438598632812,-1.9715750217437744
410,-1.9934883117675781,-1.9675426483154297
411,-1.9913508892059326,-2.0422427654266357
412,-1.992275357246399,-1.879938006401062
413,-1.9963699579238892,-2.001142740249634
414,-1.9984958171844482,-2.010613203048706
415,-1.9951972961425781,-1.9747613668441772
416,-1.9966541528701782,-2.003819465637207
417,-1.9892657995224,-2.001582622528076
418,-1.992382287979126,-2.0189998149871826
419,-1.9998509883880615,-1.8834168910980225
420,-1.996070384979248,-1.9146674871444702
421,-1.992465853691101,-2.001447916030884
422,-2.0005621910095215,-2.001591444015503
423,-1.978722095489502,-1.9247368574142456
424,-2.000389575958252,-1.9987027645111084
425,-1.9974199533462524,-2.035090684890747
426,-2.000884771347046,-1.9595832824707031
427,-1.9883512258529663,-1.9899569749832153
428,-2.0025904178619385,-1.9564546346664429
429,-1.9987895488739014,-2.0311222076416016
430,-1.9909260272979736,-2.005183696746826
431,-2.0017590522766113,-1.9157519340515137
432,-1.996433138847351,-1.8783385753631592
433,-1.996788740158081,-1.9621449708938599
434,-1.9923439025878906,-1.9107283353805542
435,-2.0125818252563477,-2.031172275543213
436,-2.0070912837982178,-2.0305633544921875
437,-2.000488519668579,-1.9774675369262695
438,-1.997912049293518,-2.0304229259490967
439,-1.9965072870254517,-1.903277039527893
440,-2.005577564239502,-2.041161060333252
441,-1.9952003955841064,-1.9952573776245117
442,-1.9792712926864624,-1.904166579246521
443,-1.9935320615768433,-2.048438549041748
444,-2.0073602199554443,-2.0096819400787354
445,-1.9987396001815796,-2.0050861835479736
446,-1.9933804273605347,-2.004769802093506
447,-1.9959137439727783,-2.025627851486206
448,-2.001444101333618,-1.9770326614379883
449,-2.002107858657837,-1.9717435836791992
450,-2.0003504753112793,-1.9780385494232178
451,-1.9990020990371704,-2.0139315128326416
452,-1.991241455078125,-2.0290749073028564
453,-2.0040786266326904,-2.017512559890747
454,-2.0085322856903076,-1.9931058883666992
455,-1.981719732284546,-2.012833833694458
456,-2.0089898109436035,-2.0024657249450684
457,-2.0089871883392334,-2.047858238220215
458,-2.0110530853271484,-2.0130040645599365
459,-1.9962589740753174,-2.036371946334839
460,-1.999921441078186,-2.018059015274048
461,-2.001309394836426,-2.0245144367218018
462,-2.002359390258789,-2.027754068374634
463,-2.00736665725708,-1.932199478149414
464,-2.0016839504241943,-2.0330464839935303
465,-2.002779483795166,-2.0303943157196045
466,-2.003939628601074,-1.9837430715560913
467,-2.0013890266418457,-2.031602144241333
468,-2.006704330444336,-1.9824742078781128
469,-2.008587598800659,-1.8970617055892944
470,-1.9985978603363037,-2.018514394760132
471,-2.015007734298706,-2.0338964462280273
472,-1.9908806085586548,-2.002929210662842
473,-1.9965033531188965,-1.8577033281326294
474,-2.0102601051330566,-2.0364410877227783
475,-2.0081746578216553,-1.9944640398025513
476,-2.000305414199829,-2.031126022338867
477,-2.0031421184539795,-2.0414812564849854
478,-2.0080065727233887,-2.027989149093628
479,-2.00746750831604,-2.0140600204467773
480,-2.009671926498413,-1.9698436260223389
481,-2.00087308883667,-1.825909972190857
482,-2.0069828033447266,-2.025883197784424
483,-2.002819299697876,-2.0187971591949463
484,-2.0063788890838623,-2.016627550125122
485,-2.013981342315674,-2.025906562805176
486,-1.916733741760254,-1.993429183959961
487,-1.9668645858764648,-2.0108044147491455
488,-1.9848356246948242,-1.9775224924087524
489,-1.9936705827713013,-1.961811900138855
490,-1.991152286529541,-1.9901487827301025
491,-2.003535509109497,-2.029493808746338
492,-1.9972020387649536,-2.0216963291168213
493,-2.0049378871917725,-1.8487389087677002
494,-1.9790929555892944,-2.026171922683716
495,-1.9916926622390747,-2.030386447906494
496,-1.995180368423462,-1.986472487449646
497,-1.989098072052002,-1.9614739418029785
498,-1.9896787405014038,-1.9609884023666382
499,-2.004530191421509,-2.006103754043579
500,-1.9971681833267212,-2.0230906009674072
501,-1.9990288019180298,-2.0350470542907715
502,-2.0062649250030518,-1.989981770515442
503,-1.9993253946304321,-2.0368402004241943
504,-1.998320460319519,-2.0286171436309814
505,-2.00879168510437,-2.010807752609253
506,-1.9972481727600098,-1.9882525205612183
507,-2.0010039806365967,-1.926289677619934
508,-2.0060551166534424,-2.0066795349121094
509,-1.996537446975708,-2.023672580718994
510,-2.000119924545288,-1.9721146821975708
511,-1.9994856119155884,-1.9491902589797974
512,-2.0069398880004883,-2.0206191539764404
513,-2.012017011642456,-1.989772081375122
514,-2.0042097568511963,-1.986951231956482
515,-2.0045273303985596,-2.0299322605133057
516,-2.00750470161438,-1.936166524887085
517,-2.005899667739868,-2.0068705081939697
518,-2.0030410289764404,-2.014346122741699
519,-2.0049831867218018,-1.9548934698104858
520,-2.008514881134033,-2.0214905738830566
521,-2.002753257751465,-1.9840205907821655
522,-2.0080065727233887,-1.8840723037719727
523,-2.006709575653076,-1.8687565326690674
524,-2.008272886276245,-1.987783432006836
525,-2.0061399936676025,-2.031712055206299
526,-2.0022189617156982,-2.0004093647003174
527,-2.012634515762329,-1.917992353439331
528,-2.0030806064605713,-2.028118371963501
529,-2.0115790367126465,-2.0300567150115967
530,-2.010584831237793,-2.017613172531128
531,-2.0152385234832764,-1.9116289615631104
532,-2.0029001235961914,-2.0371601581573486
533,-2.000103712081909,-1.9513458013534546
534,-2.010037422180176,-1.9205195903778076
535,-2.015115737915039,-2.02292537689209
536,6524317.0,1.0703290700912476
537,-0.3177158832550049,-0.9251850843429565
538,-1.1894582509994507,-1.3682466745376587
539,-1.4185889959335327,-1.4982084035873413
540,-1.5174306631088257,-1.5106831789016724
541,-1.600381851196289,-1.6188807487487793
542,-1.6484359502792358,-1.6562141180038452
543,-1.6756969690322876,-1.6989681720733643
544,-1.697444200515747,-1.7612113952636719
545,-1.7365000247955322,-1.6672472953796387
546,-1.7318955659866333,-1.782227635383606
547,-1.7629404067993164,-1.805892825126648
548,-1.7807626724243164,-1.7444671392440796
549,-1.7774995565414429,-1.8029651641845703
550,-1.7948346138000488,-1.7896156311035156
551,-1.7948708534240723,-1.8162583112716675
552,-1.817418098449707,-1.8256696462631226
553,-1.8229060173034668,-1.842635154724121
554,-1.8254730701446533,-1.8556281328201294
555,-1.818605661392212,-1.783436894416809
556,-1.8207578659057617,-1.8578507900238037
557,-1.8221379518508911,-1.793648600578308
558,-1.832944393157959,-1.799276351928711
559,-1.8362139463424683,-1.8205287456512451
560,-1.8454893827438354,-1.8194867372512817
561,-1.8497364521026611,-1.8636184930801392
562,-1.8546444177627563,-1.8579106330871582
563,-1.8419855833053589,-1.86576247215271
564,-1.8515764474868774,-1.8588013648986816
565,-1.8619147539138794,-1.862718105316162
566,-1.8585333824157715,-1.845565676689148
567,-1.867365837097168,-1.8937809467315674
568,-1.8557039499282837,-1.8444428443908691
569,-1.8718318939208984,-1.798820972442627
570,-1.8568795919418335,-1.8926042318344116
571,-1.8672618865966797,-1.8498730659484863
572,-1.879150152206421,-1.8881505727767944
573,-1.8748866319656372,-1.8681426048278809
574,-1.87925124168396,-1.886801838874817
575,-1.879356861114502,-1.778452754020691
576,-1.8784966468811035,-1.9151859283447266
577,-1.8853962421417236,-1.8165069818496704
578,-1.8812412023544312,-1.7013921737670898
579,-1.8830114603042603,-1.8977078199386597
580,-1.8934202194213867,-1.8693076372146606
581,-1.892538070678711,-1.904542088508606
582,31.312490463256836,1.612699270248413
583,-0.5596376061439514,-1.0888092517852783
584,-1.1583691835403442,-1.2769759893417358
585,-1.3304860591888428,-1.334174394607544
586,-1.4141273498535156,-1.4011120796203613
587,-1.4913763999938965,-1.5100537538528442
588,-1.5290806293487549,-1.5859135389328003
589,-1.5637551546096802,-1.6090023517608643
590,-1.4708963632583618,-1.2304933071136475
591,-1.4598482847213745,-1.5645813941955566
592,-1.5667890310287476,-1.6387726068496704
593,-1.5970256328582764,-1.6041367053985596
594,-1.6232306957244873,-1.5904892683029175
595,-1.6240472793579102,-1.640647053718567
596,-1.6564234495162964,-1.6834690570831299
597,-1.64574134349823,-1.647289514541626
598,-1.6764428615570068,-1.5789563655853271
599,-1.6721948385238647,-1.5961648225784302
600,-1.6865326166152954,-1.709720492362976
601,-1.6563799381256104,-1.7223420143127441
602,-1.697677731513977,-1.7104774713516235
603,-1.695373773574829,-1.7343791723251343
604,-1.701282262802124,-1.7596979141235352
605,-1.6991232633590698,-1.7251030206680298
606,-1.6958379745483398,-1.613527774810791
607,-1.7204455137252808,-1.6128758192062378
608,-1.7202696800231934,-1.7588328123092651
609,-1.7146947383880615,-1.7283153533935547
610,-1.7182948589324951,-1.7213259935379028
611,-1.7158575057983398,-1.77326500415802
612,-1.73442804813385,-1.7512818574905396
613,-1.7433091402053833,-1.77554452419281
614,-1.7423572540283203,-1.7920907735824585
615,-1.7487624883651733,-1.7539528608322144
616,-1.721379280090332,-1.7483552694320679
617,-1.7592339515686035,-1.7853786945343018
618,-1.751958966255188,-1.7869017124176025
619,-1.7614458799362183,-1.782944679260254
620,-1.7749916315078735,-1.832420825958252
621,-1.763779640197754,-1.820132851600647
622,-1.7859381437301636,-1.7809642553329468
623,-1.7843726873397827,-1.7564051151275635
624,-1.7881708145141602,-1.7939845323562622
625,-1.7873995304107666,-1.8419417142868042
626,-1.80001962184906,-1.838790774345398
627,-1.7843014001846313,-1.7805083990097046
628,-1.7988591194152832,-1.85452401638031
629,-1.807106614112854,-1.807494878768921
630,-1.8143280744552612,-1.855485439300537
631,-1.8047292232513428,-1.649067759513855
632,-1.8208435773849487,-1.839233160018921
633,-1.8034062385559082,-1.8357887268066406
634,-1.8121304512023926,-1.8491030931472778
635,-1.8084160089492798,-1.8427196741104126
636,-1.8086485862731934,-1.7826859951019287
637,-1.8090002536773682,-1.8257635831832886
638,-1.8282464742660522,-1.8543980121612549
639,-1.827136516571045,-1.7308012247085571
640,-1.8099160194396973,-1.7591456174850464
641,-1.807206630706787,-1.8287956714630127
642,-1.8251087665557861,-1.8832539319992065
643,-1.8144723176956177,-1.7699384689331055
644,-1.8270795345306396,-1.8645896911621094
645,-1.8277862071990967,-1.8348562717437744
646,-1.8289508819580078,-1.9002964496612549
647,-1.8370164632797241,-1.7213302850723267
648,-1.8507956266403198,-1.8445112705230713
649,-1.8500125408172607,-1.829491376876831
650,-1.8425241708755493,-1.4952962398529053
651,-1.8376439809799194,-1.8463479280471802
652,-1.8445444107055664,-1.906085729598999
653,-1.8463810682296753,-1.8822211027145386
654,-1.8451814651489258,-1.855562686920166
655,-1.8654943704605103,-1.8076412677764893
656,-1.8463208675384521,-1.8467057943344116
657,-1.863966464996338,-1.7119089365005493
658,-1.8420796394348145,-1.9112329483032227
659,-1.865756869316101,-1.9012283086776733
660,-1.8521089553833008,-1.8582465648651123
661,-1.8727598190307617,-1.7140804529190063
662,-1.870887041091919,-1.9056919813156128
663,-1.8682751655578613,-1.8907214403152466
664,-1.8593894243240356,-1.876028299331665
665,-1.880243182182312,-1.9053542613983154
666,-1.8695162534713745,-1.9215914011001587
667,-1.8727837800979614,-1.9321134090423584
668,-1.8698643445968628,-1.8175835609436035
669,-1.8802458047866821,-1.9475783109664917
670,-1.8937662839889526,-1.7901087999343872
671,-1.8994245529174805,-1.8135998249053955
672,-1.8873775005340576,-1.9292268753051758
673,-1.8825374841690063,-1.935082197189331
674,-1.8938618898391724,-1.8690555095672607
675,-1.9053245782852173,-1.875467300415039
676,-1.9006460905075073,-1.8964276313781738
677,-1.8995298147201538,-1.7912594079971313
678,-1.8944804668426514,-1.9281941652297974
679,-1.8991252183914185,-1.9287878274917603
680,-1.904219150543213,-1.9004188776016235
681,-1.9128154516220093,-1.9426180124282837
682,-1.8970946073532104,-1.9513646364212036
683,-1.9069123268127441,-1.948581576347351
684,-1.9067052602767944,-1.9532980918884277
685,-1.911675214767456,-1.8243954181671143
686,-1.9090189933776855,-1.9319665431976318
687,-1.915627121925354,-1.9511597156524658
688,-1.9210704565048218,-1.8896666765213013
689,-1.910182237625122,-1.9015024900436401
690,-1.9176744222640991,-1.8202550411224365
691,-1.8848146200180054,-1.9377715587615967
692,-1.9242810010910034,-1.9225531816482544
693,-1.912934422492981,-1.9546629190444946
694,-1.913849115371704,-1.957437515258789
695,-1.9140366315841675,-1.8507676124572754
696,-1.926516056060791,-1.897289514541626
697,-1.9100526571273804,-1.9651626348495483
698,-1.927051305770874,-1.9617044925689697
699,-1.920335054397583,-1.9487024545669556
700,-1.929492473602295,-1.9403396844863892
701,-1.9351271390914917,-1.9651367664337158
702,-1.9307503700256348,-1.9463790655136108
703,-1.9172782897949219,-1.8660056591033936
704,-1.9270051717758179,-1.971553087234497
705,-1.9286785125732422,-1.9758714437484741
706,-1.9399298429489136,-1.966196060180664
707,-1.9334635734558105,-1.8793518543243408
708,-1.9245927333831787,-1.7900949716567993
709,-1.9389526844024658,-1.9942830801010132
710,-1.9428355693817139,-1.7530072927474976
711,-1.9316608905792236,-1.9612687826156616
712,-1.9386436939239502,-1.980710506439209
713,-1.933995246887207,-1.972700595855713
714,-1.937651515007019,-1.9850469827651978
715,-1.9397168159484863,-1.9617559909820557
716,-1.9372812509536743,-1.9269448518753052
717,-1.9423494338989258,-1.9910584688186646
718,-1.9473180770874023,-1.8320952653884888
719,-1.9418610334396362,-1.9622118473052979
720,-1.9407908916473389,-1.9228063821792603
721,-1.937248706817627,-1.9782804250717163
722,-1.9462193250656128,-1.9378533363342285
723,-1.9497969150543213,-1.9930223226547241
724,-1.9467397928237915,-1.9430702924728394
725,-1.9582018852233887,-1.9669779539108276
726,-1.9560798406600952,-1.9067462682724
727,-1.95712411403656,-1.9266265630722046
728,-1.9453121423721313,-1.892083764076233
729,-1.9552693367004395,-1.9384292364120483
730,-1.9570708274841309,-1.9920904636383057
731,-1.957614779472351,-1.9207481145858765
732,-1.962973713874817,-1.9883387088775635
733,-1.9605318307876587,-1.8949192762374878
734,-1.956108570098877,-1.9859082698822021
735,-1.9633523225784302,-1.9721447229385376
736,-1.957141399383545,-1.8239631652832031
737,-1.9600101709365845,-1.990734338760376
738,-1.959179401397705,-1.9983477592468262
739,-1.9679158926010132,-1.992830514907837
740,-1.9631551504135132,-1.9994221925735474
741,-1.9757987260818481,-1.9755475521087646
742,-1.964750051498413,-2.016697883605957
743,-1.9730644226074219,-2.000636577606201
744,-1.964054822921753,-1.9488295316696167
745,-1.970792293548584,-2.007570266723633
746,-1.9741551876068115,-1.9668787717819214
747,-1.9606903791427612,-1.9801158905029297
748,-1.963546872138977,-2.013784170150757
749,-1.980969786643982,-1.9176307916641235
750,-1.9645639657974243,-1.8927984237670898
751,-1.9705852270126343,-2.00451922416687
752,-1.9780514240264893,-1.966141700744629
753,-1.9800103902816772,-1.8543779850006104
754,-1.9680982828140259,-1.9531917572021484
755,-1.9699885845184326,-2.0173847675323486
756,-1.979312539100647,-1.9568829536437988
757,-1.9725322723388672,-1.988096833229065
758,-1.9881199598312378,-1.8384630680084229
759,-1.9753974676132202,-2.0032219886779785
760,-1.9789520502090454,-2.0111544132232666
761,-1.9754587411880493,-1.9920587539672852
762,-1.988947868347168,-1.9941678047180176
763,-1.9713293313980103,-2.0094006061553955
764,-1.9759957790374756,-2.007983446121216
765,-1.9777618646621704,-2.029935121536255
766,-1.9903316497802734,-1.9887347221374512
767,-1.9752380847930908,-1.9326155185699463
768,-1.9787893295288086,-1.918034553527832
769,-1.9809792041778564,-1.9129613637924194
770,-1.9852243661880493,-1.9906554222106934
771,-1.9932920932769775,-2.0120689868927
772,-1.9764693975448608,-1.9992475509643555
773,-1.9805554151535034,-2.022761583328247
774,-1.9831516742706299,-1.913271427154541
775,-1.978873372077942,-2.0010688304901123
776,-1.9850683212280273,-1.8891806602478027
777,-1.9803781509399414,-1.9551661014556885
778,-1.9836989641189575,-1.8535901308059692
779,-1.9899166822433472,-2.0004000663757324
780,-1.984730839729309,-2.0066072940826416
781,-1.9770787954330444,-1.92951500415802
782,-1.989896297454834,-1.9811724424362183
783,-1.9923137426376343,-1.9993999004364014
784,-1.9882519245147705,-1.9320523738861084
785,-1.992143988609314,-1.9677271842956543
786,-1.9885333776474,-1.891951560974121
787,-1.9876222610473633,-1.9715187549591064
788,-1.9917750358581543,-1.946009874343872
789,-1.9856244325637817,-1.9973896741867065
790,-1.9939199686050415,-2.0039145946502686
791,-1.9940370321273804,-2.0013976097106934
792,-1.9844274520874023,-2.0130605697631836
793,-1.9865585565567017,-1.8323721885681152
794,-1.9862138032913208,-1.9757277965545654
795,-1.9921844005584717,-2.0162813663482666
796,-1.9889506101608276,-1.9793493747711182
797,-1.9928510189056396,-1.96385657787323
798,-1.993627905845642,-2.027040719985962
799,-1.9961949586868286,-1.983356237411499
800,-1.997429370880127,-2.032604455947876
801,-1.9879610538482666,-2.018266201019287
802,-2.0018234252929688,-1.9706581830978394
803,-1.9933152198791504,-2.002532958984375
804,-1.9911692142486572,-1.941533088684082
805,-1.993540644645691,-2.0071046352386475
806,-1.9985417127609253,-1.9457805156707764
807,-1.9839085340499878,-1.9718201160430908
808,-1.9949960708618164,-2.0131313800811768
809,-1.9902806282043457,-1.993674635887146
810,-2.0010533332824707,-2.0187511444091797
811,-2.005173444747925,-1.9884170293807983
812,-1.9942524433135986,-1.9997063875198364
813,-2.0014305114746094,-2.012509822845459
814,-1.9934749603271484,-1.951704502105713
815,-1.9964464902877808,-1.937682867050171
816,-2.0047144889831543,-1.9980684518814087
817,-1.990646481513977,-1.9255975484848022
818,-1.9941133260726929,-2.0069193840026855
819,-1.992571234703064,-1.9634679555892944
820,-2.0005955696105957,-1.9783854484558105
821,-1.9964464902877808,-2.0021727085113525
822,-2.00722599029541,-2.0201590061187744
823,-1.9998754262924194,-2.0021142959594727
824,-1.995987057685852,-1.9515544176101685
825,-2.0016114711761475,-1.9594581127166748
826,-1.9955999851226807,-2.0317442417144775
827,-2.001096248626709,-2.0083494186401367
828,-1.998005986213684,-1.9562853574752808
829,-1.9932594299316406,-2.010152578353882
830,-2.0049808025360107,-1.9933840036392212
831,-1.99641752243042,-1.9954006671905518
832,-1.9993457794189453,-2.014310359954834
833,-1.9996652603149414,-2.0052831172943115
834,-2.001070499420166,-2.0225865840911865
835,-2.0020246505737305,-1.9985986948013306
836,-1.9987750053405762,-1.8297044038772583
837,-2.006511688232422,-1.9326308965682983
838,-2.0022382736206055,-1.945886254310608
839,-2.007725238800049,-1.9971758127212524
840,-1.9897587299346924,-1.9957658052444458
841,-1.9939405918121338,-2.0182392597198486
842,-2.0047693252563477,-1.9787895679473877
843,-1.9992977380752563,-2.0189943313598633
844,-1.9992406368255615,-2.0361526012420654
845,-2.0086402893066406,-2.02510666847229
846,-2.0099050998687744,-1.972339391708374
847,-2.0004031658172607,-2.0351128578186035
848,-1.997225046157837,-1.969366431236267
849,-2.007204055786133,-1.966640591621399
850,-2.001746416091919,-1.9945861101150513
851,-2.008678436279297,-1.9787951707839966
852,-1.997694969177246,-1.993462085723877
853,-2.004519462585449,-1.9853293895721436
854,-2.010986089706421,-1.9790910482406616
855,-2.018667221069336,-1.9887487888336182
856,-1.9978350400924683,-2.031306028366089
857,-1.993418574333191,-2.0180227756500244
858,-2.0027201175689697,-2.002758026123047
859,-2.007953405380249,-2.044405698776245
860,-1.9981722831726074,-2.030963182449341
861,-2.0074565410614014,-2.0191633701324463
862,-2.010619640350342,-1.8255457878112793
863,-2.0094621181488037,-1.9591929912567139
864,-1.9987919330596924,-1.9892842769622803
865,-2.005403518676758,-2.04270601272583
866,-2.0041141510009766,-1.9988584518432617
867,-2.0140740871429443,-1.9831784963607788
868,-2.003929615020752,-1.9463106393814087
869,-2.0074572563171387,-2.0185725688934326
870,-2.00108003616333,-2.0321707725524902
871,-2.016157388687134,-1.8919203281402588
872,-2.0062317848205566,-1.995415210723877
873,-2.0004897117614746,-1.93895423412323
874,-2.004197597503662,-2.0003325939178467
875,-2.0085668563842773,-2.04276442527771
876,-2.0104713439941406,-2.0248351097106934
877,-2.0102646350860596,-2.0446417331695557
878,-2.0049190521240234,-2.0389299392700195
879,-1.9963855743408203,-1.990615963935852
880,-2.0044331550598145,-1.9180316925048828
881,-2.0106613636016846,-2.045579433441162
882,-2.014059543609619,-2.0413084030151367
883,-2.01983642578125,-2.036696434020996
884,-2.003286838531494,-1.9528056383132935
885,-2.0009117126464844,-1.957576870918274
886,-2.0057928562164307,-2.0307414531707764
887,-2.020688772201538,-2.051238536834717
888,-2.0132858753204346,-2.0452163219451904
889,-2.012568235397339,-2.0207266807556152
890,-2.0040621757507324,-2.008021354675293
891,-2.0088508129119873,-2.0260283946990967
892,-2.017488956451416,-2.0078461170196533
893,-2.01230788230896,-2.035413980484009
894,-2.01017689704895,-1.9893012046813965
895,-2.010806083679199,-2.004878520965576
896,-2.0127267837524414,-1.9794951677322388
897,-2.0132851600646973,-2.034684181213379
898,-2.0050442218780518,-2.023921489715576
899,-2.0211668014526367,-1.963348627090454
900,-2.0036869049072266,-2.0344579219818115
901,-2.020019054412842,-2.0342721939086914
902,-2.012289524078369,-2.026045083999634
903,-2.0151758193969727,-1.8294062614440918
904,-2.008591413497925,-2.0019800662994385
905,-2.007606267929077,-2.0452675819396973
906,-2.0138566493988037,-2.0099282264709473
907,-1.996644139289856,-2.0503768920898438
908,-2.0172054767608643,-2.020660400390625
909,-2.018564224243164,-2.0419135093688965
910,-2.0127668380737305,-1.9157854318618774
911,-2.0142555236816406,-2.0264182090759277
912,-2.0167229175567627,-2.0349879264831543
913,-2.012678861618042,-2.009247303009033
914,-2.0063226222991943,-2.039534330368042
915,-2.020524501800537,-1.9396787881851196
916,-2.0143895149230957,-2.0527236461639404
917,-2.0173754692077637,-1.9926482439041138
918,-2.024898052215576,-2.0302915573120117
919,-2.0137012004852295,-1.9653600454330444
920,-2.0183780193328857,-2.024061679840088
921,-2.0138773918151855,-2.046952247619629
922,-2.0063624382019043,-2.0163357257843018
923,-2.0083541870117188,-1.8750981092453003
924,-2.0162742137908936,-2.032402753829956
925,-2.0201187133789062,-1.9725430011749268
926,-2.013500928878784,-1.9603078365325928
927,-2.0175328254699707,-2.038374423980713
928,-2.0239038467407227,-2.009676933288574
929,-2.006408214569092,-2.02909517288208
930,-2.0111613273620605,-1.8680442571640015
931,-2.011082887649536,-1.971825361251831
932,-2.0170087814331055,-2.040738344192505
933,-2.015077590942383,-1.9569212198257446
934,-2.018242597579956,-2.046358823776245
935,-2.019286632537842,-2.0241215229034424
936,-2.0151686668395996,-2.0333783626556396
937,-2.019451141357422,-2.0314419269561768
938,-1.7054104804992676,-1.8772474527359009
939,-1.8896045684814453,-1.886541724205017
940,-1.9361883401870728,-1.9580023288726807
941,-1.9554487466812134,-1.9188728332519531
942,-1.967146873474121,-1.9945857524871826
943,-1.9640451669692993,-2.0017518997192383
944,-1.9754369258880615,-1.9243117570877075
945,-1.965200424194336,-1.9553701877593994
946,-1.9849956035614014,-2.012752056121826
947,-1.9919885396957397,-1.99310302734375
948,-1.991231918334961,-1.9727509021759033
949,-1.985414981842041,-1.9459959268569946
950,-1.9876012802124023,-1.833976149559021
951,-1.9997879266738892,-1.9546970129013062
952,-1.9952589273452759,-2.023210048675537
953,-1.9822083711624146,-2.0284643173217773
954,-1.9926949739456177,-1.849429726600647
955,-2.0056543350219727,-1.932935357093811
956,-1.9994944334030151,-2.0230319499969482
957,-1.996049404144287,-1.9250026941299438
958,-1.9987027645111084,-2.0287067890167236
959,-2.0034615993499756,-1.9891608953475952
960,-2.0011322498321533,-2.0249547958374023
961,-2.006584644317627,-2.0305652618408203
962,-2.0025525093078613,-2.0244650840759277
963,-2.006917953491211,-2.021002769470215
964,-2.012821674346924,-1.9578787088394165
965,-2.0032615661621094,-1.981222152709961
966,-2.0041539669036865,-2.037646770477295
967,-2.0092804431915283,-1.9064737558364868
968,-2.006035804748535,-2.038872718811035
969,-2.016852378845215,-1.9508494138717651
970,-2.0045254230499268,-1.9334940910339355
971,-2.0086820125579834,-1.9665265083312988
972,-2.005167245864868,-1.9997013807296753
973,-2.0138914585113525,-1.9850428104400635
974,-2.0167148113250732,-2.034486770629883
975,-2.014369249343872,-2.0025322437286377
976,-2.004058837890625,-1.9907511472702026
977,-2.0216634273529053,-1.9693982601165771
978,-2.0077621936798096,-1.9273892641067505
979,-2.008153200149536,-1.9874927997589111
980,-2.012974262237549,-2.0377933979034424
981,-2.016878843307495,-2.0081677436828613
982,-1.9929749965667725,-1.9482346773147583
983,-2.0156474113464355,-2.0362465381622314
984,-2.0102381706237793,-1.9864307641983032
985,-2.0212838649749756,-1.9702757596969604
986,-2.011883497238159,-1.8721275329589844
987,-2.0131332874298096,-2.0081071853637695
988,-2.0104188919067383,-1.9863247871398926
989,-2.0138678550720215,-2.010343551635742
990,-2.016958236694336,-2.0184595584869385
991,-2.0178327560424805,-2.0292694568634033
992,-2.0201404094696045,-1.9924652576446533
993,-2.009894847869873,-1.945553183555603
994,-2.019882917404175,-1.9661979675292969
995,-2.017026424407959,-2.0089876651763916
996,-2.0166642665863037,-2.0388858318328857
997,-2.022325038909912,-1.9513565301895142
998,-2.015559673309326,-2.0337467193603516
999,-2.0288608074188232,-1.959690809249878
