epoch,loss,val_loss
0,1.3118419647216797,0.04186933860182762
1,-0.0036062472499907017,0.08134742826223373
2,-0.3798149824142456,-0.4695630371570587
3,-0.5533434152603149,-0.011094884015619755
4,-0.8691377639770508,-0.24913887679576874
5,-0.9005365967750549,-0.5649438500404358
6,-0.9713725447654724,-0.6575033068656921
7,-0.9495338201522827,-0.6724990010261536
8,-1.1715691089630127,-0.06507883220911026
9,-1.157781958580017,-0.2114299088716507
10,-0.7406026721000671,-0.7678018808364868
11,-0.9259727001190186,-0.9355250000953674
12,-0.8953193426132202,-0.7556098103523254
13,-1.242482304573059,-1.064917802810669
14,-1.161856770515442,-0.994423508644104
15,-1.4041386842727661,-1.0118969678878784
16,-1.2715346813201904,-0.9957084059715271
17,-1.5141632556915283,-0.6686486601829529
18,-1.4031778573989868,-0.9054384231567383
19,-1.2856770753860474,-0.9554336667060852
20,-1.2581814527511597,-0.8035328984260559
21,-1.5910366773605347,0.5346944332122803
22,-1.5342506170272827,-1.1360267400741577
23,-1.4133658409118652,-0.8704949021339417
24,-1.5876966714859009,-0.7734769582748413
25,-1.6296885013580322,-0.8082163333892822
26,-1.651039958000183,0.6426339745521545
27,-1.713395357131958,0.10317358374595642
28,-1.6888971328735352,3.3108508586883545
29,-1.578019380569458,-0.6984345316886902
30,-1.644496202468872,-0.6766812801361084
31,-1.5060451030731201,-1.0031883716583252
32,-1.5929640531539917,-0.8567233681678772
33,-1.6857386827468872,-0.639979898929596
34,-1.7642053365707397,-0.8547895550727844
35,-1.7586225271224976,-0.5726236701011658
36,-1.7661834955215454,0.5781062841415405
37,-1.35027277469635,-0.2862369418144226
38,-1.4000604152679443,1.9496150016784668
39,-1.7382266521453857,0.07365372776985168
40,-1.7535964250564575,3.9090449810028076
41,-1.2233957052230835,0.3052902817726135
42,-1.7971091270446777,-0.35396143794059753
43,-1.7412371635437012,-0.8797245025634766
44,-1.7619779109954834,-0.8736423254013062
45,-1.658746600151062,-0.556298017501831
46,-1.7403059005737305,1.2304409742355347
47,-1.5586260557174683,1.3708328008651733
48,-1.641018033027649,0.5631446838378906
49,-2.019987106323242,-0.11396803706884384
50,-1.6993550062179565,0.025662928819656372
51,-1.6865164041519165,-0.34369441866874695
52,-1.680552363395691,0.08682308346033096
53,-1.4556173086166382,-1.0627888441085815
54,-1.4627740383148193,-1.0606658458709717
55,-1.7401138544082642,-1.0351061820983887
56,-1.8399301767349243,-0.26930275559425354
57,-1.6473077535629272,-0.6050359010696411
58,-1.9428300857543945,0.46931323409080505
59,-1.663572907447815,-0.6959220767021179
60,-1.7486608028411865,12.973979949951172
61,-1.9397759437561035,-0.8297166228294373
62,-1.7078666687011719,-0.3631531000137329
63,-1.6763077974319458,-0.9665313959121704
64,179874.03125,7.200592517852783
65,1.1287842988967896,-0.00044284004252403975
66,-0.7126815915107727,10.675524711608887
67,-0.9701871275901794,25.0635986328125
68,-0.9874529242515564,0.8440024256706238
69,-1.0760244131088257,4.718017578125
70,-1.1902307271957397,1.1037925481796265
71,-1.2283624410629272,0.17659682035446167
72,-1.296483039855957,1.485846996307373
73,-1.3660467863082886,0.1268025040626526
74,-1.3970633745193481,0.47037065029144287
75,-1.4174047708511353,10.585915565490723
76,-1.4478881359100342,-0.1056906133890152
77,-1.5813727378845215,3.3109967708587646
78,-1.6000829935073853,0.6295671463012695
79,-1.560518741607666,9.891351699829102
80,-1.637911319732666,0.3299684226512909
81,-1.6445680856704712,0.00937260314822197
82,-1.6061419248580933,1.8759522438049316
83,-1.6217060089111328,2.26936936378479
84,-1.5515714883804321,-0.4427095353603363
85,-0.8525308966636658,-0.1329764425754547
86,-1.2413060665130615,0.7074692249298096
87,-1.418050765991211,1.2379628419876099
88,-1.4977096319198608,5.741646766662598
89,-1.4908586740493774,5.72438907623291
90,-1.5006836652755737,10.18267822265625
91,9.6807222366333,3.4193406105041504
92,1.6956288814544678,0.6450158953666687
93,-0.0546703040599823,0.4879130423069
94,-0.3692303001880646,0.6052066683769226
95,-0.5075503587722778,0.8969982862472534
96,0.278413325548172,1.521002173423767
97,1.326104760169983,0.6791654229164124
98,0.08287164568901062,0.6587502956390381
99,-0.20925137400627136,2.2106220722198486
100,-0.49484437704086304,1.1324493885040283
101,-0.578280508518219,2.7187623977661133
102,-0.6578280329704285,0.0800599530339241
103,-0.6968828439712524,1.3188228607177734
104,-0.7741829752922058,1.8279595375061035
105,-0.8809375762939453,0.4360637664794922
106,-0.8842812776565552,74.3106460571289
107,-0.9192202687263489,1838.6334228515625
108,3.803142786026001,1.369234323501587
109,33849.671875,4.326650142669678
110,4.319855690002441,4.296052932739258
111,4.151388168334961,4.129772186279297
112,2.8434817790985107,3.1198678016662598
113,2.2597836149606653e+23,4.32343053817749
114,4.32158088684082,4.322573184967041
115,4.3216471672058105,4.321991443634033
116,4.321625232696533,4.321747303009033
117,4.321344375610352,4.321233749389648
118,4.322254657745361,4.321504592895508
119,4.321734428405762,4.321786403656006
120,4.3219313621521,4.321245193481445
121,4.320902347564697,4.321481227874756
122,4.321154594421387,4.320737838745117
123,4.320531845092773,4.320632457733154
124,4.320833206176758,4.3213372230529785
125,4.319992542266846,4.318909645080566
126,4.288301467895508,4.129791259765625
127,4.268662452697754,4.270700454711914
128,4.303484916687012,4.863827705383301
129,4.335313320159912,3.7250816822052
130,4.37669563293457,4.391720771789551
131,4.263874530792236,4.771671772003174
132,4.433962821960449,4.3247389793396
133,4.323484897613525,4.322918891906738
134,4.318400859832764,4.320932388305664
135,4.300595283508301,4.335197448730469
136,4.325205326080322,4.319863319396973
137,4.374539852142334,4.341887950897217
138,4.3231682777404785,4.321654319763184
139,4.320527076721191,4.321374893188477
140,4.320319175720215,4.321811199188232
141,4.319570064544678,4.32017183303833
142,4.305665969848633,4.260982036590576
143,4.407583236694336,4.3228888511657715
144,4.3231520652771,4.322686195373535
145,4.32224702835083,4.323339462280273
146,4.321915149688721,4.322192668914795
147,4.321578502655029,4.320839881896973
148,4.32044792175293,4.312854290008545
149,4.283111572265625,4.318057060241699
150,4.236375331878662,4.311169147491455
151,4.258884429931641,4.3053083419799805
152,4.197525978088379,4.060917854309082
153,4.612360954284668,2.1367578506469727
154,1.7771472930908203,1.5596486330032349
155,1.4001268148422241,1.3182828426361084
156,1.1315903663635254,1.0185061693191528
157,0.9444786310195923,0.8757131695747375
158,0.930545449256897,0.9482396841049194
159,1.1153775453567505,0.8313218951225281
160,0.923255443572998,0.7701992392539978
161,0.6908323764801025,1.0534073114395142
162,1.1088690757751465,2.0490057468414307
163,1.059914231300354,0.8079516291618347
164,0.7727445960044861,1221315840.0
165,0.6448061466217041,72.7581787109375
166,1.8012343645095825,1.4925998449325562
167,1.0031663179397583,0.832935631275177
168,0.7883698344230652,0.8537861108779907
169,1.3837151527404785,2.1131391525268555
170,1.2144078016281128,0.8715991973876953
171,0.8877487182617188,0.7425211071968079
172,0.8311534523963928,0.7599326372146606
173,0.7717397809028625,0.7117279171943665
174,0.8627859354019165,0.8943297863006592
175,0.5981282591819763,0.737438976764679
176,0.6180117130279541,0.6566659808158875
177,0.9166088104248047,0.7115976214408875
178,0.6928256154060364,0.8054893016815186
179,0.9386792182922363,1.4959338903427124
180,1.5976803302764893,1.4188183546066284
181,1.6557785272598267,1.783705234527588
182,1.0578290224075317,0.7246606349945068
183,0.7810308933258057,0.590496838092804
184,0.8130029439926147,1.0968232154846191
185,0.7001270651817322,0.5795790553092957
186,0.63823401927948,0.6675211787223816
187,0.594142496585846,0.9559398293495178
188,0.6651343703269958,1.0483742952346802
189,0.6507861614227295,0.6298001408576965
190,0.588615357875824,0.819430410861969
191,0.6268646121025085,0.544474184513092
192,0.5668691396713257,0.5478916764259338
193,0.5316238403320312,0.4903990924358368
194,0.5858790278434753,0.49670708179473877
195,0.5068008303642273,0.8372313976287842
196,1.1180661916732788,1.073133945465088
197,0.7704899907112122,0.3987659513950348
198,0.5009135603904724,0.531424343585968
199,0.6607869863510132,0.6358567476272583
200,0.7748359441757202,0.49779483675956726
201,0.4091523289680481,0.6064637303352356
202,0.49644550681114197,1.6165311336517334
203,0.6947476267814636,0.5041491985321045
204,0.47393256425857544,0.5475819110870361
205,0.7223569750785828,0.35957130789756775
206,0.7849205136299133,0.41592052578926086
207,0.8854604363441467,0.5619629621505737
208,0.6752422451972961,0.7696794867515564
209,0.6693413257598877,1.2017884254455566
210,1.2290763854980469,1.004008412361145
211,0.939357340335846,0.5199277997016907
212,0.4032585024833679,0.3603414297103882
213,0.4471239149570465,0.36442023515701294
214,0.5498325228691101,0.3412202000617981
215,0.49944016337394714,0.5603246688842773
216,0.45209261775016785,0.5597524642944336
217,0.5271568894386292,0.42108920216560364
218,0.7838006019592285,0.43018436431884766
219,0.5062763094902039,0.6072534322738647
220,0.48632583022117615,0.342644602060318
221,5.328602153605481e+23,1.7331314086914062
222,1.6685014963150024,1.6943095922470093
223,1.6184766292572021,1.6955296993255615
224,1.605328917503357,1.6591261625289917
225,1.5963183641433716,1.5574291944503784
226,1.7247065305709839,1.3313654661178589
227,1.3538315296173096,1.1007369756698608
228,1.0121632814407349,0.9559983611106873
229,1.0249643325805664,1.129893183708191
230,1.0538063049316406,0.9087096452713013
231,0.8365966081619263,0.7890699505805969
232,0.9890449643135071,1.1478363275527954
233,0.9569332599639893,1.6717028617858887
234,1.222782015800476,1.0755912065505981
235,0.9234999418258667,1.508280634880066
236,1.4488861560821533,1.9118536710739136
237,0.7186529040336609,0.5298959016799927
238,0.5324978828430176,0.48551538586616516
239,0.5263901948928833,0.4785732924938202
240,0.5912618637084961,0.4293891191482544
241,1.1165231466293335,0.3864498734474182
242,0.7464448809623718,1.5829466581344604
243,0.8482394814491272,0.9596052169799805
244,0.9464547634124756,0.7875921726226807
245,0.7429513335227966,0.6592626571655273
246,1.2407338619232178,1.0115689039230347
247,0.8058857321739197,0.6553454995155334
248,0.8889492750167847,1.8467470407485962
249,1.1949594020843506,1.7750225067138672
250,0.8609706163406372,0.6628990173339844
251,0.5861664414405823,0.4850565493106842
252,0.7467607259750366,1.159371256828308
253,1.0405584573745728,0.8308209180831909
254,0.8040381073951721,0.5383415222167969
255,1.139341950416565,1.128987193107605
256,0.7735651135444641,0.5340543389320374
257,0.6109458804130554,0.6483052372932434
258,1.0653218030929565,0.7150022983551025
259,0.6177805066108704,0.520245373249054
260,0.9499975442886353,0.46997368335723877
261,1.0152240991592407,1.2247141599655151
262,1.3958702087402344,1.1203501224517822
263,2.304286003112793,1.9475455284118652
264,1.952694296836853,1.9422497749328613
265,1.9562069177627563,1.942341923713684
266,1.9483259916305542,1.934069275856018
267,1.9018290042877197,1.9028780460357666
268,1.3477882146835327,0.9180454015731812
269,0.9714748859405518,0.6606359481811523
270,0.964655339717865,1.2508513927459717
271,0.6741462349891663,1.2033774852752686
272,1.0406482219696045,0.7635504007339478
273,0.8050313591957092,0.5069769620895386
274,1.08466374874115,2.041882276535034
275,2.4583542346954346,1.7897725105285645
276,1.3614475727081299,0.5165550112724304
277,0.6712983846664429,0.5534343123435974
278,0.7734671831130981,0.4657701551914215
279,0.5173824429512024,0.6345787644386292
280,0.6284855604171753,0.5509958267211914
281,0.5674195885658264,0.5564752221107483
282,0.48336899280548096,0.5569220781326294
283,0.6018924117088318,1.3044418096542358
284,0.525445282459259,0.5030912756919861
285,0.6151233911514282,1.9857547283172607
286,0.8629183769226074,1.8161582946777344
287,0.5259537100791931,0.4894186854362488
288,0.7921364903450012,0.8036882281303406
289,1.0091526508331299,0.6338350772857666
290,1.9120821952819824,1.5946975946426392
291,1.5160003900527954,1.8861804008483887
292,1.3232672214508057,1.1160954236984253
293,1.2691937685012817,1.2187308073043823
294,0.9043199419975281,0.7093563079833984
295,0.806279718875885,1.074240803718567
296,0.9377602934837341,0.6404287815093994
297,0.9559813737869263,0.6532042622566223
298,0.6101671457290649,0.625014066696167
299,0.5692061185836792,1.5209221839904785
300,0.7956350445747375,0.5313519239425659
301,0.8401356339454651,1.5665810108184814
302,1.429301381111145,0.7228101491928101
303,0.768064558506012,0.7567310929298401
304,0.7197079658508301,0.7107787728309631
305,0.5481942892074585,0.5114925503730774
306,0.7015751600265503,0.45937126874923706
307,1.1906895637512207,0.7337477207183838
308,0.8253329396247864,0.7871704697608948
309,0.6389479637145996,0.5177433490753174
310,0.5376662611961365,0.5568379163742065
311,0.46268993616104126,0.9108283519744873
312,0.4600333273410797,0.396755576133728
313,1.0985572338104248,1.148462176322937
314,0.6377084851264954,1.0235917568206787
315,0.5712808966636658,0.417526513338089
316,0.6127996444702148,0.48319002985954285
317,0.4150683879852295,1.0066697597503662
318,0.6414807438850403,0.5709445476531982
319,0.6541621685028076,0.8889896273612976
320,0.8806778192520142,0.6135222315788269
321,0.6337957382202148,0.5860810875892639
322,0.6548118591308594,0.5478143095970154
323,1.4428633451461792,1.5707955360412598
324,1.8420190811157227,2.0428576469421387
325,1.9524247646331787,1.7820035219192505
326,1.4539794921875,0.8896661996841431
327,1.5600777864456177,1.3669875860214233
328,0.6988467574119568,0.5333462357521057
329,0.489474356174469,0.8736652731895447
330,0.9829529523849487,0.7177689075469971
331,1.5863293409347534,0.9300692081451416
332,0.7214640378952026,0.45561596751213074
333,0.51018226146698,0.689426064491272
334,0.35621941089630127,1.155410647392273
335,0.35708603262901306,0.28479740023612976
336,0.25975170731544495,0.3121797442436218
337,0.1911296248435974,0.21269002556800842
338,0.1752762645483017,0.09440875798463821
339,0.1041891947388649,0.0685700997710228
340,0.13275673985481262,0.01930362917482853
341,0.1916554719209671,0.4824201762676239
342,0.2129373550415039,0.3450711965560913
343,0.1822500079870224,0.13046808540821075
344,-0.03304525464773178,1.9602787494659424
345,0.12603069841861725,-0.06987171620130539
346,-0.09115801006555557,-0.16184738278388977
347,-0.11187220364809036,-0.011819458566606045
348,-0.2084445208311081,-0.22704026103019714
349,-0.13548481464385986,0.725661039352417
350,-0.22265824675559998,0.12729105353355408
351,-0.26234206557273865,-0.26506808400154114
352,-0.2433934360742569,-0.11854206025600433
353,-0.17577318847179413,0.07263265550136566
354,-0.1978863775730133,-0.2776097059249878
355,-0.10991067439317703,-0.18781836330890656
356,-0.24841400980949402,-0.2850261628627777
357,-0.3116763234138489,-0.35157719254493713
358,-0.1251925826072693,-0.3290380835533142
359,-0.35009056329727173,-0.14356456696987152
360,-0.39420342445373535,-0.45320358872413635
361,-0.5176096558570862,-0.4557360112667084
362,-0.5036618113517761,-0.16325576603412628
363,-0.5446985960006714,-0.11587172001600266
364,-0.5513192415237427,0.5859915614128113
365,-0.5611322522163391,-0.5578749775886536
366,-0.5181117057800293,-0.20410223305225372
367,-0.5340507626533508,-0.5887897610664368
368,-0.5753580927848816,-0.5451833605766296
369,-0.4717034101486206,-0.1545897275209427
370,-0.4739808440208435,-0.46088069677352905
371,0.03675603121519089,0.5781698226928711
372,0.12250696867704391,-0.059147220104932785
373,0.044263601303100586,-0.1266344040632248
374,-0.29352226853370667,-0.14591175317764282
375,-0.35845616459846497,-0.19839471578598022
376,-0.39933761954307556,-0.2853393256664276
377,-0.17331057786941528,0.023840496316552162
378,-0.23909246921539307,-0.21074464917182922
379,-0.29227977991104126,-0.24762989580631256
380,-0.2742851674556732,-0.2523833215236664
381,-0.30640578269958496,-0.2683984935283661
382,-0.359262615442276,-0.08434350788593292
383,-0.47318562865257263,-0.16039593517780304
384,-0.39856886863708496,-0.4066881239414215
385,-0.5043341517448425,-0.3480626046657562
386,-0.5235233306884766,-0.3906938135623932
387,-0.5433729887008667,-0.43586793541908264
388,-0.6076723337173462,-0.0032854140736162663
389,-0.6453996896743774,-0.3796531856060028
390,-0.6817160248756409,-0.413379967212677
391,-0.7102670073509216,-0.566533088684082
392,-0.707981288433075,-0.4135102927684784
393,-0.7884167432785034,-0.40191084146499634
394,-0.5919018387794495,-0.46715351939201355
395,-0.6794378757476807,-0.42606648802757263
396,-0.656917154788971,-0.33787792921066284
397,-0.7057319283485413,-0.5717276334762573
398,-0.7898562550544739,-0.5582322478294373
399,-0.7896726131439209,-0.639601469039917
400,-0.8580849766731262,-0.6729447841644287
401,-0.6903808116912842,-0.5759509801864624
402,-0.8264889717102051,-0.5289422273635864
403,-0.8286461234092712,-0.2431245595216751
404,-0.7050982117652893,-0.43137413263320923
405,-0.7033129930496216,-0.4535294771194458
406,-0.7195664644241333,-0.4991030991077423
407,-0.7400646209716797,-0.4065494239330292
408,-0.7406553626060486,-0.5408331155776978
409,-0.757192850112915,-0.5316327214241028
410,-0.6851223707199097,-0.5192463397979736
411,-0.7613162398338318,-0.3147658705711365
412,-0.76338791847229,-0.5630244612693787
413,-0.7581102848052979,-0.2886943519115448
414,-0.7891029715538025,-0.5379521250724792
415,-0.6226159930229187,0.03439635783433914
416,-0.6512050628662109,-0.6026585102081299
417,-0.7352861166000366,-0.63084477186203
418,-0.6693997383117676,-0.4903058409690857
419,-0.7320396900177002,-0.5758521556854248
420,-0.7404189109802246,-0.5947713255882263
421,-0.7691531181335449,-0.6515418887138367
422,-0.7944818139076233,0.010896130464971066
423,-0.6004354953765869,-0.2026338428258896
424,-0.7125990986824036,10.99837875366211
425,-0.7863125801086426,-0.5613600015640259
426,-0.8241662383079529,-0.6318914294242859
427,-0.7915043234825134,-0.6371034979820251
428,-0.8791677355766296,-0.5924415588378906
429,-0.7252971529960632,0.008669224567711353
430,-0.6668668389320374,-0.6670771241188049
431,-0.8871698975563049,-0.47908005118370056
432,-0.8344211578369141,-0.6344717144966125
433,-0.8728562593460083,-0.5683227181434631
434,-0.8002930879592896,-0.5101364850997925
435,-0.8896494507789612,-0.41218459606170654
436,-0.7400858998298645,-0.10043498128652573
437,-0.7480995655059814,-0.15613354742527008
438,-0.7956587076187134,-0.5516712069511414
439,-0.8280690312385559,-0.3475725054740906
440,-0.6846694946289062,-0.6462582349777222
441,-0.8347476124763489,-0.6546890139579773
442,-0.8165186047554016,-0.34167423844337463
443,-0.8155630826950073,-0.7094162106513977
444,-0.8579580783843994,-0.5233345627784729
445,-0.7642062306404114,-0.6773019433021545
446,-0.8103958368301392,-0.3680657148361206
447,-0.9188302159309387,-0.572887659072876
448,-0.9453957080841064,-0.24930459260940552
449,-0.9452958703041077,-0.676889955997467
450,-0.9715785980224609,-0.5571394562721252
451,-0.9078345894813538,-0.515692412853241
452,-0.9069804549217224,-0.8114894032478333
453,-0.8893047571182251,-0.5605279803276062
454,-0.8196576237678528,-0.4223440885543823
455,-0.8212283849716187,-0.580273449420929
456,-0.931330144405365,-0.7796908617019653
457,-0.8377475142478943,-0.5282266139984131
458,-0.8235808610916138,-0.5445234775543213
459,-0.8745098114013672,-0.06440465152263641
460,-0.9219580888748169,-0.4087616205215454
461,-0.9469608664512634,-0.4294266104698181
462,-0.5437767505645752,-0.3009461462497711
463,-0.6504677534103394,-0.42915740609169006
464,-0.609279453754425,-0.39216071367263794
465,-0.7023343443870544,-0.3973088264465332
466,-0.8454498052597046,-0.32314369082450867
467,-0.82290118932724,-0.15515731275081635
468,-0.7226225137710571,-0.3703766167163849
469,-0.7956225872039795,0.09958339482545853
470,-0.7536448240280151,-0.3930702209472656
471,-0.8585405349731445,-0.5374845266342163
472,-0.90489262342453,-0.5633610486984253
473,-0.9486501812934875,-0.7343448400497437
474,-0.9936248660087585,-0.77687668800354
475,-0.88006591796875,-0.5838455557823181
476,-0.9185999631881714,-0.5064164400100708
477,-0.8437568545341492,-0.740707516670227
478,-0.835879921913147,-0.4005222022533417
479,-0.7671023011207581,-0.7624524831771851
480,-1.0222669839859009,-0.757641077041626
481,-1.0221580266952515,-0.5573145747184753
482,-1.023911952972412,-0.578230082988739
483,-1.0686970949172974,-0.8002293705940247
484,-0.9087116122245789,-0.5113683342933655
485,-0.8819198608398438,-0.46689149737358093
486,-0.9016934633255005,-0.8620058298110962
487,-0.9353474974632263,-0.8192369937896729
488,-0.9366140961647034,-0.7088825702667236
489,-1.0601236820220947,-0.8058652877807617
490,-0.9639865159988403,-0.6929674744606018
491,-0.9697694778442383,-0.5178070068359375
492,-0.9971100687980652,0.5561876893043518
493,-1.003987431526184,-0.3435218930244446
494,-0.959628701210022,-0.6210777163505554
495,0.63577800989151,0.669125497341156
496,0.07317018508911133,0.0011788983829319477
497,-0.15064497292041779,-0.14836391806602478
498,-0.22859780490398407,-0.1950867772102356
499,-0.2982706129550934,-0.12314564734697342
500,-0.33190008997917175,-0.2740575671195984
501,-0.4473987817764282,0.07794806361198425
502,-0.4652120769023895,-0.3313506841659546
503,-0.4948177635669708,-0.27624934911727905
504,-0.3250633776187897,0.050574224442243576
505,-0.4291019141674042,-0.3067013621330261
506,-0.5533674955368042,-0.37104254961013794
507,-0.3519745171070099,-0.028707461431622505
508,-0.484587699174881,-0.29565373063087463
509,-0.4256386458873749,-0.10349356383085251
510,-0.46182945370674133,-0.45508378744125366
511,-0.50311279296875,-0.39763107895851135
512,-0.44503405690193176,-0.09442557394504547
513,-0.23541781306266785,-0.10875093191862106
514,-0.5056328773498535,-0.1507495790719986
515,-0.5833550095558167,-0.3717981278896332
516,-0.622026801109314,-0.32013142108917236
517,-0.5877637267112732,-0.3351864218711853
518,-0.1192307248711586,-0.14531560242176056
519,-0.6087515354156494,-0.276285856962204
520,-0.6938997507095337,-0.47221556305885315
521,-0.5798611640930176,-0.46969351172447205
522,-0.6342871785163879,-0.5814272165298462
523,-0.5090475678443909,-0.15899808704853058
524,-0.5200316905975342,-0.6579106450080872
525,-0.6135987639427185,-0.6649243831634521
526,-0.6167665123939514,-0.41668030619621277
527,-0.5060049295425415,-0.4943981468677521
528,-0.5716614723205566,0.13838058710098267
529,-0.5340208411216736,-0.512175440788269
530,-0.5960838198661804,-0.40965667366981506
531,-0.6138246059417725,-0.42223602533340454
532,-0.643984854221344,-0.5741505026817322
533,-0.6739892959594727,-0.5550423860549927
534,-0.6957206130027771,-0.5056111812591553
535,-0.6970309019088745,-0.36039334535598755
536,-0.6615884304046631,-0.3257160484790802
537,-0.6802442073822021,-0.32735106348991394
538,-0.6545897722244263,-0.2413392961025238
539,-0.7979457378387451,0.22085031867027283
540,-0.7911569476127625,0.2208431512117386
541,-0.7334498167037964,-0.5660102367401123
542,-0.7931417226791382,-0.30375346541404724
543,-0.841435968875885,-0.6024324893951416
544,-0.7132830619812012,-0.4558802843093872
545,-0.8744497895240784,-0.18375936150550842
546,-0.7509627342224121,0.7382128238677979
547,-0.7827457785606384,-0.2719050645828247
548,-0.4278354346752167,-0.2408757507801056
549,-0.6396830677986145,-0.5985935926437378
550,-0.6916218400001526,-0.3483624756336212
551,-0.6375806927680969,-0.4867734909057617
552,-0.7722314596176147,-0.6383963823318481
553,-0.5948667526245117,-0.5982794165611267
554,-0.6695027351379395,-0.5885835886001587
555,-0.804050862789154,-0.4699886441230774
556,-0.7910590767860413,-0.5277135372161865
557,-0.8015916347503662,-0.5681807994842529
558,-0.7768123745918274,-0.5513042211532593
559,-0.8299521207809448,-0.6442936658859253
560,-0.7998971939086914,-0.2462928146123886
561,-0.780365526676178,-0.6591712236404419
562,-0.2964530885219574,-0.5475376844406128
563,-0.49937716126441956,-0.3305508494377136
564,-0.4905334711074829,-0.5823825597763062
565,-0.3921600580215454,1.558063268661499
566,-0.4907773435115814,-0.4982873201370239
567,-0.34831520915031433,-0.504962682723999
568,-0.6236911416053772,-0.621861457824707
569,-0.6539077758789062,-0.4911828339099884
570,-0.5913730263710022,-0.5199735760688782
571,-0.6318503022193909,0.20771265029907227
572,-0.6201223134994507,-0.6653527617454529
573,-0.5096752047538757,-0.6194939017295837
574,-0.49811431765556335,-0.5075501203536987
575,-0.6996787190437317,-0.6827691197395325
576,-0.7019555568695068,-0.6865336894989014
577,-0.7633421421051025,-0.7921493649482727
578,-0.756659984588623,-0.6307615637779236
579,-0.763028621673584,-0.7415110468864441
580,-0.822068452835083,-0.7530747652053833
581,-0.8118444681167603,-0.5221484899520874
582,-0.8700405955314636,-0.5924533605575562
583,-0.8697699904441833,-0.7258214950561523
584,-0.8396058082580566,-0.46029022336006165
585,-0.8322407603263855,-0.6175711750984192
586,-0.7912051677703857,-0.682391881942749
587,-0.8849877715110779,-0.826619029045105
588,-0.9072465896606445,-0.7781553864479065
589,-0.5569756031036377,3.0381901264190674
590,1.4527605772018433,0.7815970778465271
591,0.6215231418609619,0.4534853994846344
592,0.22683218121528625,0.2418161779642105
593,-0.0822795033454895,0.009282073937356472
594,-0.19132253527641296,2046.3809814453125
595,-0.1375768780708313,0.014530102722346783
596,-0.11551669239997864,5.001961206735874e+22
597,-0.22573938965797424,57.16026306152344
598,-0.2798759937286377,-0.17818982899188995
599,-0.21488624811172485,0.006445399485528469
600,-0.4144909083843231,-0.2047065794467926
601,-0.5008552670478821,-0.3802796006202698
602,-0.5391499996185303,-0.3753369152545929
603,-0.47609198093414307,-0.14349962770938873
604,-0.4057671129703522,-0.1779869943857193
605,-0.48495814204216003,0.0310441292822361
606,-0.47343504428863525,-0.31409141421318054
607,-0.5370416045188904,-0.34413301944732666
608,-0.6025637984275818,-0.3668924868106842
609,-0.6294509172439575,-0.34496328234672546
610,-0.6027041673660278,-0.5885389447212219
611,-0.6693881154060364,-0.5434905290603638
612,-0.6702498197555542,-0.48374077677726746
613,-0.6323991417884827,-0.4229409396648407
614,-0.723760724067688,-0.5698288083076477
615,-0.7331908345222473,-0.600767195224762
616,-0.7679083347320557,-0.5293745398521423
617,-0.8042216300964355,-0.589489221572876
618,-0.5511489510536194,-0.07292868942022324
619,-0.6811605095863342,-0.5929738283157349
620,-0.7060605883598328,-0.5162478089332581
621,-0.768082857131958,-0.7056280374526978
622,-0.8640998601913452,-0.5018328428268433
623,-0.6594537496566772,-0.7323600649833679
624,-0.6574771404266357,-0.6934061646461487
625,-0.6763979196548462,-0.6777013540267944
626,-0.7193940877914429,-0.5409201979637146
627,-0.7072324752807617,-0.7036985754966736
628,-0.3952848017215729,-0.6539965867996216
629,-0.7245121598243713,-0.2820725440979004
630,-0.8209048509597778,-0.7908257246017456
631,-0.7678737044334412,-0.530957818031311
632,-0.8547264337539673,-0.44588199257850647
633,-0.8868584036827087,-0.5845323204994202
634,-0.8409730195999146,-0.5353385806083679
635,-0.8997974991798401,0.3386617600917816
636,840169684992.0,1.8007228374481201
637,0.9738849997520447,0.5820570588111877
638,0.19316385686397552,0.21212473511695862
639,-0.050142206251621246,-0.11001541465520859
640,-0.25993800163269043,-0.26106706261634827
641,-0.3664384186267853,-0.2338598072528839
642,-0.43039458990097046,-0.2893851399421692
643,-0.47314029932022095,-0.32423365116119385
644,-0.5243767499923706,-0.2891676723957062
645,-0.4806116819381714,-0.2712455093860626
646,-0.5748706459999084,-0.41633835434913635
647,-0.3377822935581207,0.04564964771270752
648,-0.010460847057402134,0.14801430702209473
649,-0.042275842279195786,0.031476642936468124
650,-0.11521440744400024,-0.025501471012830734
651,-0.2144005000591278,-0.09580717235803604
652,-0.29195937514305115,0.20304924249649048
653,-0.2520436644554138,0.4480946660041809
654,-0.22837109863758087,1.7504513263702393
655,-0.25677287578582764,-0.005761978682130575
656,-0.30266067385673523,0.008313223719596863
657,-0.38548263907432556,-0.03780107945203781
658,-0.37412354350090027,2.0572941303253174
659,1.7813693284988403,1.5973423719406128
660,1.5965543985366821,1.6305930614471436
661,1.627315878868103,1.5658947229385376
662,1.2820115089416504,0.8628808259963989
663,0.532268226146698,0.7953027486801147
664,0.29043084383010864,0.3476182222366333
665,0.0918283686041832,0.22871364653110504
666,0.010607508942484856,0.054364822804927826
667,-0.025813370943069458,0.04394242912530899
668,-0.02726411074399948,-0.008545821532607079
669,-0.12157468497753143,0.03271864727139473
670,-0.31447169184684753,-0.22018815577030182
671,-0.4182116389274597,-0.2023274302482605
672,-0.46387583017349243,-0.2579418122768402
673,-0.4608806371688843,-0.18726854026317596
674,-0.4794900119304657,-0.3180409073829651
675,-0.4851471781730652,-0.3624469041824341
676,-0.5128220915794373,-0.11092396825551987
677,-0.5319759845733643,-0.3222804367542267
678,-0.552786111831665,-0.29542216658592224
679,-0.5326618552207947,-0.3239774703979492
680,-0.5025726556777954,-0.40363675355911255
681,-0.6024477481842041,-0.48865604400634766
682,-0.6185452342033386,-0.43794897198677063
683,-0.6004206538200378,-0.37881743907928467
684,-0.6406902074813843,-0.405216246843338
685,-0.6711133718490601,-0.4180815815925598
686,-0.6862577795982361,-0.41779789328575134
687,-0.743643581867218,-0.2632667124271393
688,-0.6682037115097046,-0.17008326947689056
689,-0.5744108557701111,0.5641214847564697
690,-0.7524734139442444,0.38357701897621155
691,-0.7615953683853149,-0.056603092700242996
692,-0.7798980474472046,-0.13145321607589722
693,-0.7434887886047363,-0.05757524445652962
694,-0.730069100856781,-0.1474149376153946
695,-0.6906954646110535,-0.30147168040275574
696,-0.6245763301849365,-0.3289109170436859
697,-0.6930902004241943,-0.3914850652217865
698,-0.6598883271217346,-0.4271247982978821
699,-0.7242937088012695,-0.38411563634872437
700,-0.7001369595527649,-0.180511012673378
701,-0.7048177719116211,-0.46001535654067993
702,-0.7014694213867188,-0.4566912353038788
703,-0.7615836262702942,-0.3707736134529114
704,-0.7658430933952332,-0.6218764781951904
705,-0.8149182796478271,-0.5107660889625549
706,-0.8234448432922363,-0.4582200348377228
707,-0.7805148363113403,-0.5899221301078796
708,-0.8031671047210693,-0.5192334055900574
709,-0.7871679663658142,-0.5907917618751526
710,-0.6479446291923523,-0.5741368532180786
711,-0.6668412685394287,-0.5997697710990906
712,-0.704298198223114,-0.6354982256889343
713,-0.7178331613540649,-0.42492231726646423
714,-0.8056007027626038,-0.5472390055656433
715,-0.8371838331222534,-0.5643651485443115
716,-0.7914165258407593,-0.4447340965270996
717,-0.8427819609642029,-0.5044226050376892
718,-0.8596007823944092,-0.5759286284446716
719,-0.9012414813041687,-0.5578445792198181
720,-0.9050464034080505,-0.5790486931800842
721,-0.843437910079956,-0.6986636519432068
722,-0.8113703727722168,-0.672423243522644
723,-0.31056663393974304,-0.19955040514469147
724,-0.1736871898174286,-0.16993306577205658
725,-0.3931918442249298,-0.31218019127845764
726,-0.43232133984565735,-0.42103344202041626
727,-0.45383816957473755,-0.3557901680469513
728,-0.48973479866981506,-0.3185938596725464
729,-0.49613192677497864,-0.20165155827999115
730,-0.558503270149231,-0.24704712629318237
731,-0.575613260269165,-0.3280738890171051
732,-0.647241473197937,-0.5101593732833862
733,-0.7104397416114807,-0.5498827695846558
734,-0.6591877341270447,-0.49496155977249146
735,-0.710276186466217,-0.6101891994476318
736,-0.6734417676925659,-0.5020716786384583
737,-0.6869500875473022,-0.5283614993095398
738,-0.7886890172958374,5.549465656280518
739,-0.8374876976013184,-0.44530218839645386
740,-0.8341569900512695,-0.3142084777355194
741,-0.7700145840644836,-0.5588935613632202
742,-0.7655264139175415,-0.5864377617835999
743,-0.7319046258926392,-0.6530724763870239
744,-0.7364717721939087,-0.33336523175239563
745,-0.7532805800437927,-0.3110778033733368
746,-0.7480267286300659,-0.04673275724053383
747,-0.7654749751091003,0.8364174962043762
748,-0.7039831876754761,-0.6284458041191101
749,-0.8086367249488831,-0.5397741198539734
750,-0.8498027920722961,-0.6258831024169922
751,-0.8341041207313538,-0.6447394490242004
752,-0.8475420475006104,-0.5897932648658752
753,-0.8378332853317261,-0.6548436284065247
754,-0.8344448804855347,-0.2892603874206543
755,-0.7945166826248169,-0.154741108417511
756,-0.7644146084785461,1.0834872722625732
757,-0.5180810689926147,0.11656094342470169
758,-0.6176751852035522,0.2406633496284485
759,-0.7962534427642822,-0.02191547490656376
760,-0.6073487401008606,-0.13090041279792786
761,-0.40108445286750793,-0.020427068695425987
762,-0.27459517121315,-0.07350694388151169
763,-0.6712675094604492,5.400886058807373
764,-0.3649941086769104,-0.4269883334636688
765,-0.6058239340782166,-0.3596749007701874
766,0.21034987270832062,0.9161587953567505
767,0.05427531152963638,-0.23024357855319977
768,-0.3647445738315582,-0.2379244863986969
769,-0.40460917353630066,-0.3105573356151581
770,-0.4412250816822052,-0.21223558485507965
771,-0.5789065957069397,-0.38073402643203735
772,-0.6363040208816528,-0.20751076936721802
773,-0.7219873666763306,-0.2962419092655182
774,-0.7033394575119019,-0.5036381483078003
775,-0.6368361711502075,-0.49043962359428406
776,-0.7358538508415222,-0.42335033416748047
777,-0.765125572681427,-0.45676252245903015
778,-0.695611298084259,-0.3888513743877411
779,-0.8031930923461914,-0.3267083466053009
780,-0.8164541721343994,-0.33525437116622925
781,-0.7863082885742188,-0.3212105631828308
782,-0.785661518573761,-0.32350146770477295
783,-0.8161450624465942,-0.4330150783061981
784,0.18342719972133636,0.17838679254055023
785,-0.36465519666671753,-0.2522203028202057
786,0.2826579213142395,1.827151894569397
787,1.8935996294021606,1.7208222150802612
788,1.6061738729476929,1.55332612991333
789,1.4977021217346191,1.5364670753479004
790,1.7710134983062744,2.244966745376587
791,1.8715040683746338,1.528123378753662
792,1.5367190837860107,1.509914517402649
793,1.4167041778564453,1.4558593034744263
794,1.670300841331482,2.173046350479126
795,1.4757386445999146,1.4573415517807007
796,1.3449304103851318,1.3589016199111938
797,1.4073964357376099,1.195617914199829
798,1.0013160705566406,0.8759401440620422
799,1.0205397605895996,0.8630964756011963
800,0.8144176602363586,0.7282594442367554
801,0.7019304037094116,0.7067228555679321
802,0.6578450202941895,0.6820111870765686
803,0.7045363187789917,0.6387296915054321
804,0.8347958922386169,0.7043336629867554
805,0.5404930114746094,0.4477105140686035
806,0.35623064637184143,0.337491512298584
807,0.2691337466239929,0.29596900939941406
808,0.6393761038780212,1.0785117149353027
809,0.7682995796203613,0.7106703519821167
810,0.5596099495887756,0.4241904318332672
811,1.5720349550247192,0.9498041272163391
812,0.7710534930229187,0.8097419142723083
813,2.001905918121338,1.4736359119415283
814,0.7819958329200745,0.47172918915748596
815,0.39731788635253906,0.7940862774848938
816,0.31050804257392883,0.38909417390823364
817,0.19826576113700867,0.33222857117652893
818,0.3020555078983307,0.3540821075439453
819,0.11143525689840317,0.256753534078598
820,-0.05959315225481987,0.14819510281085968
821,-0.11685451120138168,0.06949237734079361
822,-0.12595543265342712,0.25474774837493896
823,-0.2126292586326599,0.1804763525724411
824,-0.20040088891983032,-0.06024539843201637
825,0.2771223485469818,0.20656566321849823
826,-0.045157402753829956,0.14303599298000336
827,-0.07097508758306503,-0.0031124826055020094
828,3.6929211616516113,2.4424943923950195
829,2.0660390853881836,2.064525842666626
830,2.0500857830047607,2.0610687732696533
831,2.0581023693084717,2.052095651626587
832,2.072000741958618,2.0481810569763184
833,2.0840892791748047,2.0476486682891846
834,2.0808069705963135,2.0495598316192627
835,2.0801894664764404,2.051546812057495
836,2.073286294937134,2.0548627376556396
837,2.0592544078826904,2.0510244369506836
838,2.044055700302124,2.0546934604644775
839,2.033536195755005,2.0521275997161865
840,2.0439529418945312,2.0516905784606934
841,2.0430450439453125,2.0510623455047607
842,2.059305191040039,2.043379545211792
843,2.0563926696777344,2.0482723712921143
844,2.0576980113983154,2.046029806137085
845,2.062016725540161,2.0472466945648193
846,2.0607974529266357,2.047640800476074
847,2.064645528793335,2.053636074066162
848,2.0571787357330322,2.0614936351776123
849,2.0651259422302246,2.065650224685669
850,2.080599784851074,2.0738096237182617
851,2.079371690750122,2.072035551071167
852,2.085319995880127,2.0669143199920654
853,2.065840721130371,2.066865921020508
854,2.060173511505127,2.069289445877075
855,2.050720453262329,2.067803144454956
856,2.0444183349609375,2.072162389755249
857,2.0522873401641846,2.0771772861480713
858,2.055231809616089,2.079843044281006
859,2.0667271614074707,2.084376573562622
860,2.0745458602905273,2.0821778774261475
861,2.0667076110839844,2.081986665725708
862,2.071195602416992,2.07962703704834
863,2.086074113845825,2.080519199371338
864,2.09501314163208,2.069617748260498
865,2.103407382965088,2.0645058155059814
866,2.097416400909424,2.0593016147613525
867,2.0795013904571533,2.0471901893615723
868,2.06326961517334,2.052151679992676
869,2.0584042072296143,2.0467450618743896
870,2.057827949523926,2.0453474521636963
871,2.0592122077941895,2.039278745651245
872,2.0701775550842285,2.039426565170288
873,2.0814261436462402,2.035285472869873
874,2.0895187854766846,2.0351433753967285
875,2.096432685852051,2.0395572185516357
876,2.080496311187744,2.0347108840942383
877,2.0771167278289795,2.0381083488464355
878,2.0736734867095947,2.040012836456299
879,2.077338218688965,2.040850877761841
880,2.085522413253784,2.043056011199951
881,2.0926897525787354,2.0510475635528564
882,2.09346079826355,2.0487706661224365
883,2.0838747024536133,2.047858715057373
884,2.0657849311828613,2.050269842147827
885,2.0616824626922607,2.048125982284546
886,2.0531699657440186,2.048628568649292
887,2.049957036972046,2.0507357120513916
888,2.0584776401519775,2.060356378555298
889,2.0666720867156982,2.061396837234497
890,2.073246955871582,2.0654828548431396
891,2.0740811824798584,2.057912588119507
892,2.070298433303833,2.053663969039917
893,2.0772082805633545,2.055781364440918
894,2.080202102661133,2.0567097663879395
895,2.0822527408599854,2.0547280311584473
896,2.0704846382141113,2.053709030151367
897,2.0673396587371826,2.0507452487945557
898,2.0729479789733887,2.0484354496002197
899,2.071471929550171,2.0496127605438232
900,2.0670149326324463,2.051253318786621
901,2.0657997131347656,2.0454368591308594
902,2.063119411468506,2.0457451343536377
903,2.072150468826294,2.0437076091766357
904,2.0833375453948975,2.041199207305908
905,2.0880868434906006,2.035940647125244
906,2.0901987552642822,2.036201238632202
907,2.0956363677978516,2.0367794036865234
908,2.092913866043091,2.046248435974121
