epoch,loss,val_loss
0,553.4707641601562,3.548168182373047
1,0.7725687026977539,1.8111767768859863
2,0.4174729883670807,1.1917778253555298
3,0.2762756049633026,0.7551410794258118
4,0.22404208779335022,0.5829523205757141
5,0.19866825640201569,0.48111388087272644
6,0.17520101368427277,0.42788001894950867
7,0.3187265396118164,1.2517056465148926
8,0.18665818870067596,0.4141475260257721
9,0.2744845449924469,0.5202369689941406
10,0.2442210465669632,0.4558328688144684
11,0.26735395193099976,0.48333364725112915
12,0.33316317200660706,0.328907310962677
13,0.3671247959136963,0.3168918788433075
14,0.2840806245803833,0.2784793972969055
15,0.3469387888908386,0.2880074679851532
16,0.09625370800495148,0.42467033863067627
17,0.2832888066768646,0.29571759700775146
18,0.29278817772865295,0.33093777298927307
19,0.5596223473548889,0.6411729454994202
20,0.10604122281074524,0.29242077469825745
21,0.07563373446464539,0.2565401494503021
22,0.08595900982618332,0.2609802782535553
23,0.11105816066265106,0.2663959562778473
24,0.06034867465496063,0.23580524325370789
25,0.10358124226331711,0.2551112174987793
26,0.10076623409986496,0.229548379778862
27,0.08817203342914581,0.22485759854316711
28,0.06997136771678925,0.24084584414958954
29,0.056743308901786804,0.1798490434885025
30,0.054365940392017365,0.17903514206409454
31,0.07513558864593506,0.18208293616771698
32,0.03519187867641449,0.23602692782878876
33,75.91117095947266,1.8590147495269775
34,0.5051670074462891,0.4180431663990021
35,0.18458697199821472,0.2637782394886017
36,0.13215242326259613,0.22231510281562805
37,0.10831039398908615,0.2169836014509201
38,0.10359653830528259,0.19393140077590942
39,0.10414859652519226,0.1815953403711319
40,0.18748541176319122,0.21932785212993622
41,0.07948499172925949,0.20654597878456116
42,0.07720565050840378,0.1851242482662201
43,0.09931833297014236,0.1586376577615738
44,0.09130186587572098,0.234130397439003
45,0.12135899811983109,0.17615076899528503
46,0.09420072287321091,0.19117100536823273
47,0.11158150434494019,0.1802552044391632
48,0.11269930750131607,0.1925869882106781
49,0.09183710068464279,0.21668805181980133
50,0.08784212917089462,0.12314006686210632
51,0.05660437047481537,0.12286849319934845
52,0.08194994926452637,0.12946172058582306
53,0.04416902735829353,0.14592793583869934
54,0.056558310985565186,0.1139129027724266
55,0.06988821923732758,0.12624147534370422
56,0.043595682829618454,0.09827223420143127
57,0.06046614795923233,0.10108249634504318
58,0.034993190318346024,0.09949485957622528
59,0.046680748462677,0.1114620789885521
60,0.04497094824910164,0.10609839111566544
61,0.03662806749343872,0.10498874634504318
62,0.04424836114048958,0.09623733162879944
63,0.03561652451753616,0.08718795329332352
64,0.03850562497973442,0.10461590439081192
65,0.032841455191373825,0.09123601764440536
66,0.03523458167910576,0.0846649706363678
67,0.02808980830013752,0.08730094134807587
68,0.02827443927526474,0.09418634325265884
69,0.023706922307610512,0.09165585041046143
70,0.025591211393475533,0.10666342079639435
71,0.02253408543765545,0.09552507847547531
72,0.01977604813873768,0.09927742928266525
73,0.02081434801220894,0.08458633720874786
74,0.02072727307677269,0.0792975127696991
75,0.015736613422632217,0.08085310459136963
76,0.015442101284861565,0.07581818103790283
77,0.014453502371907234,0.08571941405534744
78,0.012515569105744362,0.06251931190490723
79,0.014236446470022202,0.0628771111369133
80,0.014021544717252254,0.08616296201944351
81,0.01266557164490223,0.06939663738012314
82,0.010809319093823433,0.056747324764728546
83,0.010730573907494545,0.050203587859869
84,0.010217548348009586,0.057479243725538254
85,0.009342184290289879,0.0571417398750782
86,0.007512788288295269,0.04576956853270531
87,0.007318762131035328,0.045787591487169266
88,0.007283505983650684,0.04503760114312172
89,0.0065354774706065655,0.0576968714594841
90,0.006652595940977335,0.05807620659470558
91,0.007784184999763966,0.10611539334058762
92,0.007751180790364742,0.09595455974340439
93,0.007270141039043665,0.07743485271930695
94,0.006892048288136721,0.08809950947761536
95,0.006293011829257011,0.07687302678823471
96,0.005821040831506252,0.06848468631505966
97,0.005465919617563486,0.06436953693628311
98,0.005749651230871677,0.06657207012176514
99,0.007849126122891903,0.04390057548880577
100,0.004929455928504467,0.04973282292485237
101,0.00527355819940567,0.05925283208489418
102,0.0053442916832864285,0.05807626619935036
103,0.004675387870520353,0.050986167043447495
104,0.005178057588636875,0.05735053867101669
105,0.004092060495167971,0.06295190006494522
106,0.005156845785677433,0.04935387149453163
107,0.005582605022937059,0.05376734584569931
108,0.002796953311190009,0.0703236311674118
109,0.0031241909600794315,0.138902485370636
110,0.002320283791050315,0.19094005227088928
111,0.0029571529012173414,0.1607222557067871
112,0.0027433105278760195,0.10650034993886948
113,0.003061816794797778,0.0470203198492527
114,0.0021735182963311672,0.059736501425504684
115,0.0031660886015743017,0.04483946040272713
116,0.002444618847221136,0.039618026465177536
117,0.002461664378643036,0.0439143069088459
118,0.28556570410728455,0.0611644871532917
119,0.018845075741410255,0.041626930236816406
120,0.013630098663270473,0.0407317690551281
121,0.01177520677447319,0.05116336792707443
122,0.010811750777065754,0.05434583127498627
123,0.009754394181072712,0.0730433538556099
124,0.008722852915525436,0.06619944423437119
125,0.00867494661360979,0.07475470006465912
126,0.009712264873087406,0.16175039112567902
127,0.009243876673281193,0.18505796790122986
128,0.009014776907861233,0.22798052430152893
129,0.007721589412540197,0.22392815351486206
130,0.007630983833223581,0.04951343312859535
131,0.006657696329057217,0.05201973766088486
132,0.006953635718673468,0.05437145754694939
133,0.006452738773077726,0.04127787426114082
134,0.0060449098236858845,0.04132251441478729
135,0.0062567852437496185,0.04263273626565933
136,0.005974411964416504,0.04703009873628616
137,0.005575467366725206,0.05497255548834801
138,0.005670412443578243,0.04943688586354256
139,0.005403236020356417,0.05814598128199577
140,0.005353210959583521,0.05591243878006935
141,0.00530595937743783,0.05115775018930435
142,0.005342826247215271,0.037833068519830704
143,0.0035453494638204575,0.03692184388637543
144,0.003323587588965893,0.03439130634069443
145,0.004280080087482929,0.03899608924984932
146,0.005266959313303232,0.03838251158595085
147,0.0037992552388459444,0.03798086941242218
148,0.0033041038550436497,0.03822760656476021
149,0.002953865332528949,0.0401766262948513
150,0.0025518948677927256,0.03736532852053642
151,0.003055606270208955,0.03274954855442047
152,0.0024085280019789934,0.03049902245402336
153,0.003463881555944681,0.04607246071100235
154,0.00283694826066494,0.03861334174871445
155,0.002186888363212347,0.03408467769622803
156,0.0024640983901917934,0.030381811782717705
157,0.009383335709571838,0.03009258769452572
158,0.0056603653356432915,0.031888678669929504
159,0.004296496044844389,0.03779938071966171
160,0.004849033430218697,0.042750533670186996
161,0.005225465167313814,0.03930522873997688
162,0.005770370829850435,0.027975009754300117
163,0.004541018046438694,0.026456035673618317
164,0.0036755800247192383,0.02923215553164482
165,0.002867292845621705,0.037957292050123215
166,0.0028927146922796965,0.032788798213005066
167,0.004450954031199217,0.027902087196707726
168,0.004191243089735508,0.026584260165691376
169,0.0034783133305609226,0.02924070693552494
170,0.0038747231010347605,0.02788144163787365
171,0.004536567721515894,0.02335926704108715
172,0.0033664749935269356,0.02798621542751789
173,0.002619714941829443,0.02717149443924427
174,0.0028247893787920475,0.024800550192594528
175,0.003790199523791671,0.024228155612945557
176,0.002837800420820713,0.023333344608545303
177,0.0021004127338528633,0.028591275215148926
178,0.002544655464589596,0.026447700336575508
179,0.0019960820209234953,0.03287644684314728
180,0.002892901422455907,0.027154378592967987
181,0.005329872481524944,0.016462154686450958
182,0.00326274405233562,0.023147549480199814
183,0.0029198934789747,0.019258562475442886
184,0.0025560210924595594,0.02918662317097187
185,0.004100686404854059,0.019845856353640556
186,0.00365517009049654,0.017145108431577682
187,0.002634683158248663,0.021389096975326538
188,0.003104566130787134,0.025913124904036522
189,0.0026892058085650206,0.031326960772275925
190,0.0021831386256963015,0.027500567957758904
191,0.0022308037150651217,0.021984852850437164
192,0.002062141662463546,0.026353193446993828
193,0.003271477296948433,0.036684609949588776
194,0.0023087167646735907,0.0392925925552845
195,0.002558888169005513,0.03455362468957901
196,0.0019981779623776674,0.03687679022550583
197,0.0018707532435655594,0.04822692647576332
198,0.0038734690751880407,0.04579117149114609
199,0.0027626766823232174,0.04754645749926567
200,0.00248254113830626,0.05827663838863373
201,0.0021759888622909784,0.07405076175928116
202,0.0022680035326629877,0.09194131940603256
203,0.002243753056973219,0.09128881245851517
204,0.0031409196089953184,0.10805222392082214
205,0.0017169382190331817,0.06443799287080765
206,0.0017131150234490633,0.08340894430875778
207,0.0016627328004688025,0.08085394650697708
208,0.002508625853806734,0.06817339360713959
209,0.003125089453533292,0.07221464812755585
210,0.0019608258735388517,0.07617942988872528
211,0.0019418875453993678,0.07302461564540863
212,0.001701568253338337,0.0686505064368248
213,0.0022904868237674236,0.06795323640108109
214,0.001999000320211053,0.07536018639802933
215,0.0018223818624392152,0.06404446065425873
216,0.0018742417450994253,0.06610675156116486
217,0.002185444813221693,0.06587731093168259
218,0.0016488017281517386,0.06620792299509048
219,0.0017859844956547022,0.04702768847346306
220,0.0024565409403294325,0.04084986448287964
221,0.0019362044986337423,0.04019949212670326
222,0.0017739316681399941,0.036687418818473816
223,0.0017464261036366224,0.04449715465307236
224,0.0013451436534523964,0.04418530687689781
225,0.0015164881478995085,0.04012995585799217
226,0.0013444913784042,0.03898191452026367
227,0.0013556914636865258,0.039506323635578156
228,0.004288266878575087,0.0420050285756588
229,0.003224764484912157,0.041470225900411606
230,0.0022413351107388735,0.044649455696344376
231,0.0017397342016920447,0.04407557472586632
232,0.0019691530615091324,0.042724765837192535
233,0.002052496187388897,0.045365456491708755
234,0.0019395550480112433,0.04571392387151718
235,0.0020329379476606846,0.024557579308748245
236,0.00212129857391119,0.03467744588851929
237,0.0017960304394364357,0.03065633401274681
238,0.001584010780788958,0.03500226512551308
239,0.0016095512546598911,0.040428876876831055
240,0.001444346155039966,0.048209406435489655
241,0.0015645803650841117,0.03466212749481201
242,0.0020004103425890207,0.034274812787771225
243,0.001602625590749085,0.024501435458660126
244,0.001699018757790327,0.023956840857863426
245,0.001358215231448412,0.019957317039370537
246,0.0011808895505964756,0.01607048138976097
247,0.0013157210778445005,0.017956547439098358
248,0.0014145743334665895,0.016674300655722618
249,0.001553401700221002,0.01660507172346115
250,0.0020477829966694117,0.013324332423508167
251,0.0021470231004059315,0.010693599469959736
252,0.0014250761596485972,0.011455127038061619
253,0.001767121721059084,0.012987087480723858
254,0.001450086827389896,0.013074057176709175
255,0.0015345417195931077,0.8450571298599243
256,0.0017064270796254277,0.016805918887257576
257,0.0017675849376246333,0.015302308835089207
258,0.0022378508001565933,0.018211372196674347
259,0.0019667542073875666,0.018513597548007965
260,0.00196692137978971,0.015538048930466175
261,0.0013570523587986827,0.017826931551098824
262,0.001379278488457203,0.018359990790486336
263,0.0015428041806444526,0.01657017692923546
264,0.0022221386898308992,0.018952038139104843
265,0.002202751813456416,0.022291498258709908
266,0.002238432178273797,0.019458413124084473
267,0.0026182536967098713,0.02243492566049099
268,0.0017031459137797356,0.022473527118563652
269,0.001994710648432374,0.018869660794734955
270,0.0017146465834230185,0.01961616426706314
271,0.0015140153700485826,0.022099489346146584
272,0.002008214592933655,0.025366757065057755
273,0.0015554573619738221,0.020367367193102837
274,0.006202288903295994,0.06959373503923416
275,0.021108828485012054,0.03589410334825516
276,0.004712255205959082,0.05805383250117302
277,0.0034076247829943895,0.044716496020555496
278,0.003711882745847106,0.03984075039625168
279,0.003121122485026717,0.05355117470026016
280,0.002283887704834342,0.04399393871426582
281,0.0021995126735419035,0.04115627706050873
282,0.002961757592856884,0.04728452116250992
283,0.0021688812412321568,0.037408776581287384
284,0.0021323966793715954,0.033607494086027145
285,0.0019241539994254708,0.032882027328014374
286,0.0017908032750710845,0.03423399478197098
287,0.003543845610693097,0.03658447042107582
288,0.0034449154045432806,0.037893667817115784
289,0.002344351029023528,0.025645503774285316
290,0.001606108620762825,0.029639560729265213
291,0.0017657476710155606,0.030740149319171906
292,0.001734958728775382,0.03339901193976402
293,0.0023597530089318752,0.02913561649620533
294,0.0019899909384548664,0.030378432944417
295,0.002938913181424141,0.014355733059346676
296,0.005597564857453108,0.011420341208577156
297,0.0047175828367471695,0.013687283731997013
298,0.0029431486036628485,0.013476907275617123
299,0.003330562263727188,0.01471510250121355
300,0.004346061963587999,0.014272988773882389
301,0.004620658233761787,0.016835184767842293
302,0.0038736676797270775,0.02342403307557106
303,0.002489648060873151,0.017262453213334084
304,0.0021684858947992325,0.01429327204823494
305,0.0021879635751247406,0.013823270797729492
306,0.009595152921974659,0.010486703366041183
307,0.005598931573331356,0.008455008268356323
308,0.004443553276360035,0.011495741084218025
309,0.0038983409758657217,0.015812885016202927
310,0.003705074777826667,0.015994124114513397
311,0.0029139667749404907,0.01022366713732481
312,0.0026748995296657085,0.010413380339741707
313,0.0032520105596631765,0.010499444790184498
314,0.002547492505982518,0.009225580841302872
315,0.0022676337976008654,0.012997454032301903
316,0.005808066111057997,0.015355256386101246
317,0.04321274161338806,0.036162909120321274
318,0.013118439354002476,0.022807367146015167
319,0.010419914498925209,0.02237553708255291
320,0.013414092361927032,0.027097063139081
321,0.00930730439722538,0.03457367420196533
322,0.006814764812588692,0.05805258825421333
323,0.005406794138252735,0.04169516637921333
324,0.006298089399933815,0.047906532883644104
325,0.008438310585916042,0.05228607729077339
326,0.007890971377491951,0.04320599138736725
327,0.006792764645069838,0.03470581769943237
328,0.005800444632768631,0.03502916172146797
329,0.005675636697560549,0.031981002539396286
330,0.007852875627577305,0.04189829155802727
331,0.00890802126377821,0.041749779134988785
332,0.00898643210530281,0.042540233582258224
333,0.006561873015016317,0.04762281849980354
334,0.00539423106238246,0.045807719230651855
335,0.004521903581917286,0.028159592300653458
336,0.0037194243632256985,0.02348940260708332
337,0.00371829466894269,0.02681862935423851
338,0.004013530910015106,0.02718488685786724
339,0.008001558482646942,0.027440374717116356
340,0.007281603757292032,0.029714038595557213
341,0.0070152366533875465,0.028032828122377396
342,0.006895116064697504,0.034818779677152634
343,0.005206817761063576,0.02758380025625229
344,0.006012331694364548,0.02564677968621254
345,0.007313387468457222,0.025681180879473686
346,0.00479608029127121,0.01989006996154785
347,0.0031185776460915804,0.021769126877188683
348,0.0037676915526390076,0.04840407520532608
349,0.004945978056639433,0.028257587924599648
350,0.0054283407516777515,0.020166996866464615
351,0.004707778338342905,0.02188793011009693
352,0.004967759363353252,0.03812306374311447
353,0.004079470410943031,0.04793597012758255
354,0.003741021268069744,0.18294553458690643
355,0.005402867216616869,0.030769189819693565
356,0.005019641015678644,0.028388414531946182
357,0.005380564834922552,0.024682542309165
358,0.006726380903273821,0.032135602086782455
359,0.006506830453872681,0.038473647087812424
360,0.004995518829673529,0.03654714673757553
361,0.004375538323074579,0.03477768227458
362,0.0049093072302639484,0.04121174290776253
363,0.004352215211838484,0.03804953023791313
364,0.004931777250021696,0.03317321464419365
365,0.0054729655385017395,0.04400547221302986
366,0.004499817732721567,0.04198731854557991
367,0.004859984386712313,0.033037953078746796
368,0.0038888310082256794,0.03661010414361954
369,0.004773537628352642,0.028374718502163887
370,0.003679480869323015,0.02529505267739296
371,0.005723909009248018,0.01560760848224163
372,0.008378630504012108,0.013722440227866173
373,0.005067556630820036,0.012138469144701958
374,0.004170556552708149,0.016276950016617775
375,0.004994926508516073,0.01891246810555458
376,0.003058386966586113,0.02509690448641777
377,0.004409496206790209,0.041678525507450104
378,0.004142725374549627,0.019973566755652428
379,0.004931098781526089,0.024001887068152428
380,0.004691471345722675,0.021952686831355095
381,0.004144297447055578,0.030442411080002785
382,0.00334949535317719,0.033532220870256424
383,0.0036688821855932474,0.02784630097448826
384,0.0027639148756861687,0.029569363221526146
385,0.0034497161395847797,0.023069342598319054
386,0.005102626979351044,0.03863714635372162
387,0.003969100303947926,0.03481093421578407
388,0.004391491878777742,0.04071317985653877
389,0.004761409480124712,0.031163373962044716
390,0.0040708910673856735,0.03126819431781769
391,0.0029237244743853807,0.040281422436237335
392,0.002403091173619032,0.040215469896793365
393,0.003937439993023872,0.03119809180498123
394,0.004005189053714275,0.02905951999127865
395,0.0038223988376557827,0.03256853297352791
396,0.004577945917844772,0.03003174439072609
397,0.004231149796396494,0.02938898466527462
398,0.0031251790933310986,0.0247191172093153
399,0.0047231088392436504,0.024827271699905396
400,0.0039015235379338264,0.020660771057009697
401,0.0037372298538684845,0.017820974811911583
402,0.0037430296652019024,0.029270803555846214
403,0.003451279830187559,0.03414343297481537
404,0.003908328711986542,0.023621661588549614
405,0.004508792422711849,0.04302932322025299
406,0.0034218570217490196,0.040604837238788605
407,0.00378651381470263,0.038480985909700394
408,0.004233101848512888,0.036109089851379395
409,0.005081387236714363,0.039058469235897064
410,0.006131093017756939,0.043961815536022186
411,0.005798924248665571,0.03824176266789436
412,0.005572783760726452,0.0397769995033741
413,0.006338485982269049,0.04350828006863594
414,0.009020065888762474,0.047468140721321106
415,0.006520109251141548,0.034970473498106
416,0.005086635239422321,0.03706254065036774
417,0.004581739194691181,0.031588245183229446
418,0.0029739122837781906,0.03811614215373993
419,0.0071210553869605064,0.045047249644994736
420,0.006215944420546293,0.07056201994419098
421,0.005237183999270201,0.06503264605998993
422,0.004850863013416529,0.06780283898115158
423,0.00428053131327033,0.07171101123094559
424,0.008231865242123604,0.05869080126285553
425,0.012593754567205906,0.0399104468524456
426,0.011093772016465664,0.04038964956998825
427,0.011053740046918392,0.03590851277112961
428,0.007344498764723539,0.0434807613492012
429,0.0041198935359716415,0.04883187636733055
430,0.005162402521818876,0.03672938793897629
431,0.004683805163949728,0.03283826634287834
432,0.004568994045257568,0.030628332868218422
433,0.004547233693301678,0.028700463473796844
434,0.006978300865739584,0.031240519136190414
435,0.007356188725680113,0.030807552859187126
0,0.007615352515131235,0.010858447290956974
1,0.0029176247771829367,0.009930749423801899
2,0.002822357229888439,0.012274972163140774
3,0.003302139462903142,0.0120847187936306
4,0.004481965210288763,0.016625916585326195
5,0.003863254562020302,0.01769966259598732
6,0.003542910562828183,0.018342286348342896
7,0.003482298692688346,0.0208164993673563
8,0.0028131057042628527,0.016981838271021843
9,0.0025639389641582966,0.017764324322342873
10,0.002536175539717078,0.014529270119965076
11,0.0024962967727333307,0.014611061662435532
12,0.0056258211843669415,0.017658919095993042
13,0.006209752522408962,0.028778178617358208
14,0.00547318160533905,0.02719888836145401
15,0.005011438392102718,0.02970871515572071
16,0.0035076485946774483,0.03310114145278931
17,0.0028326029423624277,0.03565005958080292
18,0.003769604256376624,0.021537097170948982
19,0.00399775430560112,0.017631249502301216
20,0.003010012675076723,0.015854669734835625
21,0.003980742301791906,0.025806840509176254
22,0.0037626419216394424,0.03407610207796097
23,0.004408898297697306,0.030166542157530785
24,0.0032696635462343693,0.028503673151135445
25,0.003005075501278043,0.029395034536719322
26,0.0030413877684623003,0.02611370012164116
27,0.0034754967782646418,0.02998671866953373
28,0.0027524163015186787,0.03227432817220688
29,0.002792519284412265,0.03312758356332779
30,0.004378456622362137,0.025213951244950294
31,0.004663803149014711,0.031188344582915306
32,0.005142861045897007,0.027484891936182976
33,0.003985602408647537,0.027784176170825958
34,0.0047266846522688866,0.0347001738846302
35,0.014415116049349308,0.048929400742053986
36,0.00886449869722128,0.04710733890533447
37,0.006448755506426096,0.049142707139253616
38,0.006287592928856611,0.03574636951088905
39,0.007176226936280727,0.05384290963411331
40,0.0048338882625103,0.05837869271636009
41,0.005762385670095682,0.0583086833357811
42,0.009830317460000515,0.04594828933477402
43,0.0062338863499462605,0.022325770929455757
44,0.004208622965961695,0.021718889474868774
45,0.006169820670038462,0.016268737614154816
46,0.01442502997815609,0.032686248421669006
47,0.014612249098718166,0.04659123346209526
48,0.012530118227005005,0.039820656180381775
49,0.0074390447698533535,0.051602646708488464
50,0.009567711502313614,0.034765083342790604
51,0.004160193260759115,0.047683700919151306
52,0.0038637053221464157,0.04167255386710167
53,0.003971903119236231,0.027667228132486343
54,0.004980030003935099,0.029717106372117996
55,0.004513058811426163,0.03559885174036026
56,0.006126944441348314,0.042509738355875015
57,0.004379210993647575,0.034237660467624664
58,0.006002876441925764,0.08777935802936554
59,0.004641001112759113,0.10606631636619568
60,0.003976555075496435,0.06707533448934555
61,0.004427053965628147,0.061310991644859314
62,0.004290466196835041,0.05210043862462044
63,0.0036733325105160475,0.0445270873606205
64,0.003648206824436784,0.046876389533281326
65,0.003991833422333002,0.029234617948532104
66,0.004554861690849066,0.024724887683987617
67,0.006106397602707148,0.020489279180765152
68,0.006298023741692305,0.021632065996527672
69,0.0047782775945961475,0.016926366835832596
70,0.0075745778158307076,0.01558349747210741
71,0.006561580579727888,0.014056321233510971
72,0.011306636966764927,0.015557746402919292
73,0.009877141565084457,0.021534612402319908
74,0.00565986055880785,0.03283189609646797
75,0.004484069999307394,0.019943861290812492
76,0.004452356602996588,0.04935840517282486
77,0.004988301545381546,0.031249772757291794
78,0.007362816948443651,0.15367428958415985
79,0.006029865238815546,0.029461480677127838
80,0.0046034506522119045,0.03204943239688873
81,0.0035359531175345182,0.02846464142203331
82,0.004358554724603891,0.01900794357061386
83,0.004685987252742052,0.021021008491516113
84,0.005510034970939159,0.016183165833353996
85,0.004052025265991688,0.014518579468131065
86,0.0035245122853666544,0.012456342577934265
87,0.003386742901057005,0.01734294928610325
88,0.004495718516409397,0.016651388257741928
89,0.0034318112302571535,0.027827447280287743
90,0.004022703971713781,0.024597469717264175
91,0.00452492805197835,0.021938512101769447
92,0.0039540729485452175,0.03056439757347107
93,0.0036060097627341747,0.026594216004014015
94,0.003168614348396659,0.022382106631994247
95,0.004838746972382069,0.03288654610514641
96,0.004883079789578915,0.03887629881501198
97,0.005678767804056406,0.03582657501101494
98,0.00534772640094161,0.057189956307411194
99,0.004026579204946756,0.05209658294916153
100,0.00313694984652102,0.05849871411919594
101,0.0036798655055463314,0.057549845427274704
102,0.0034128965344280005,0.06747136265039444
103,0.003340365830808878,0.07095099985599518
104,0.0035833357833325863,0.03751882538199425
105,0.004542506765574217,0.033569928258657455
106,0.008679999969899654,0.028519703075289726
107,0.009180956520140171,0.024426927790045738
108,0.008322454988956451,0.02270800992846489
109,0.00632752850651741,0.02252981998026371
110,0.010880778543651104,0.034014757722616196
111,0.005240599624812603,0.048412758857011795
112,0.011244812048971653,0.043224625289440155
113,0.008041275665163994,0.04071815684437752
114,0.006449611391872168,0.02427726238965988
115,0.006150042172521353,0.03387310355901718
116,0.004470973275601864,0.47514426708221436
117,0.004172440618276596,3.4865479469299316
118,0.0034864256158471107,0.10387647151947021
119,0.003012856701388955,0.07700292766094208
120,0.004691011272370815,0.21207813918590546
121,0.00464733736589551,0.06295160204172134
122,0.004544831812381744,0.047058261930942535
123,0.003702553454786539,0.050175249576568604
124,0.003376766573637724,0.048904065042734146
125,0.004129078239202499,0.052913129329681396
126,0.004665438085794449,0.051693856716156006
127,0.005247363355010748,0.04916808754205704
128,0.003954893443733454,1.9740064144134521
129,0.0037342491559684277,0.17787940800189972
130,0.0037266435101628304,0.04153241589665413
131,0.003801532555371523,0.03741251677274704
132,0.005389248952269554,0.04044991731643677
133,0.006413522642105818,0.05280085280537605
134,0.004904461093246937,0.056801240891218185
135,0.006053211633116007,0.035312291234731674
136,0.004823158495128155,0.034892771393060684
137,0.004772293847054243,0.05515993759036064
138,0.005503171123564243,0.03721839562058449
139,0.006029285024851561,0.05387571081519127
140,0.003966381773352623,0.0405803807079792
141,0.0033803728874772787,0.051984354853630066
142,0.0029584758449345827,0.04841964319348335
143,0.0032115911599248648,0.04280579090118408
144,0.003809295827522874,0.08015458285808563
145,0.004095091950148344,0.04832858592271805
146,0.003442296991124749,0.037527382373809814
147,0.003650711150839925,0.03902662172913551
148,0.004951813258230686,0.06929481029510498
149,0.00756059167906642,0.061039604246616364
150,0.009096244350075722,0.06598763912916183
151,0.009669382125139236,0.0502844862639904
152,0.006239541340619326,0.05372246727347374
153,0.003975221421569586,0.056213099509477615
154,0.00732337636873126,0.055736199021339417
155,0.008331621065735817,0.06590533256530762
156,0.008809685707092285,0.06581274420022964
157,0.00831572338938713,0.08072479814291
158,0.004927614703774452,0.08128122985363007
159,0.005966974422335625,0.04559431970119476
160,0.006485099904239178,0.04646236449480057
161,0.005258564371615648,0.042384080588817596
162,0.005036529619246721,0.055382680147886276
163,0.0051087443716824055,0.05599302798509598
164,0.0060817403718829155,0.04019976779818535
165,0.006275728344917297,0.019872039556503296
166,0.00922306813299656,0.01871218904852867
167,0.007673672400414944,0.02536494843661785
168,0.003985146060585976,0.02610762044787407
169,0.006203921046108007,0.02548271045088768
170,0.0071260021068155766,0.03527558967471123
171,0.007034555077552795,0.03958795592188835
172,0.006259704474359751,0.04067767411470413
173,0.0063546993769705296,0.02182243950664997
174,0.006376130040735006,0.01509789563715458
175,0.004232294391840696,0.01846730150282383
176,0.004915688186883926,0.018889805302023888
177,0.005978966597467661,0.024508478119969368
178,0.005745886825025082,0.030823418870568275
179,0.0059070284478366375,0.03159524127840996
180,0.008798905648291111,0.028247006237506866
181,0.009417446330189705,0.03270368650555611
182,0.013283324427902699,0.023712435737252235
183,0.005387376993894577,0.026507239788770676
184,0.0046621449291706085,0.026643220335245132
185,0.005892546381801367,0.04094811528921127
186,0.005718702916055918,0.07313206791877747
187,0.005119707901030779,0.09208758920431137
188,0.008713399060070515,0.03089851699769497
189,0.004172665998339653,0.0410919114947319
190,0.0065446351654827595,0.0661170706152916
191,0.006777025293558836,0.027734842151403427
192,0.006073329597711563,0.038833700120449066
193,0.00449730921536684,0.04959673807024956
194,0.00614399928599596,0.03694767504930496
195,0.009935949929058552,0.03392726182937622
196,0.009181691333651543,0.03864347189664841
197,0.005221214145421982,0.027927450835704803
198,0.007107419893145561,0.06754689663648605
199,0.006345260888338089,0.025981631129980087
200,0.005202415399253368,0.02596312388777733
201,0.003966399468481541,0.026936011388897896
202,0.004663373343646526,0.02485211007297039
203,0.0038794453721493483,0.026893096044659615
204,0.0039058143738657236,0.02498622052371502
205,0.0035786242224276066,0.03272619470953941
206,0.004108051769435406,0.03262126073241234
207,0.00341767817735672,0.03922609984874725
208,0.003885081969201565,0.04533372074365616
209,0.004110021982342005,0.048911262303590775
210,0.00456260796636343,0.04109632968902588
211,0.005211165174841881,0.049779973924160004
212,0.004869481548666954,0.03384219482541084
213,0.006699555553495884,0.042551398277282715
214,0.007240925915539265,0.04655851796269417
215,0.004818547982722521,0.0487184077501297
216,0.006052801385521889,0.05455371364951134
217,0.013886287808418274,0.04634196311235428
218,0.004656920209527016,0.05174732208251953
219,0.0054731410928070545,0.04195363074541092
220,0.0049615162424743176,0.0427788607776165
221,0.0035538722295314074,0.04197905585169792
222,0.003998789004981518,0.04792097583413124
223,0.006039051339030266,0.05515275523066521
224,0.005408446304500103,0.053284384310245514
225,0.008070082403719425,0.043499503284692764
226,0.006072009447962046,0.0397733710706234
227,0.006952696945518255,0.046463917940855026
228,0.0052210623398423195,0.033145029097795486
229,0.004362859297543764,0.030186869204044342
230,0.0050038122572004795,0.03601137176156044
231,0.003604837227612734,0.04623508080840111
232,0.004736573435366154,0.03780806437134743
233,0.004962095059454441,0.02422885224223137
234,0.006151625886559486,0.02455770969390869
235,0.005753086414188147,0.019683390855789185
236,0.005396578460931778,0.01960897631943226
237,0.005570907145738602,0.019050560891628265
238,0.00480524729937315,0.01600601337850094
239,0.005109427496790886,0.01839175634086132
240,0.00560081796720624,0.015093386173248291
241,0.00768675934523344,0.01959063485264778
242,0.007970881648361683,0.03931158781051636
243,0.007570972666144371,0.03222458437085152
244,0.031732119619846344,0.10328280925750732
245,0.017068376764655113,0.13848279416561127
246,0.012682209722697735,0.13616114854812622
247,0.012140262871980667,0.1381136029958725
248,0.004633241333067417,0.0979052409529686
249,0.003941879607737064,0.08104927837848663
250,0.006866626441478729,0.04869423061609268
251,0.007092769257724285,0.05334692448377609
252,0.005545933265239,0.05686212703585625
253,0.0098402826115489,0.060738611966371536
254,0.006800499279052019,0.05922766402363777
255,0.007561162579804659,0.052798863500356674
256,0.007408590987324715,0.04702463001012802
257,0.006138534285128117,0.04794149845838547
258,0.005688964854925871,0.061109401285648346
259,0.004113230854272842,0.06581684947013855
260,0.003381428075954318,0.06273884326219559
261,0.005995670333504677,0.07170233875513077
262,0.007157779764384031,0.06998935341835022
263,0.008631730452179909,0.07347844541072845
264,0.008781436830759048,0.07609835267066956
265,0.00961004663258791,0.04401358217000961
266,0.007231871131807566,0.04333959519863129
267,0.006458372808992863,0.04770809784531593
268,0.004565511830151081,0.0442173145711422
269,0.00449995044618845,0.17298467457294464
270,0.004385513719171286,0.077672079205513
271,0.005427811294794083,0.037929195910692215
272,0.00552564999088645,0.054152555763721466
273,0.005333073437213898,0.06017284095287323
274,0.0047621214762330055,0.04433167725801468
275,0.003720764070749283,0.053648028522729874
276,0.0033849633764475584,0.03891986608505249
277,0.0033391504548490047,0.032966937869787216
278,0.005134939681738615,0.038217127323150635
279,0.0043934984132647514,0.04986404627561569
280,0.004762159660458565,0.04377169534564018
281,0.009322877041995525,0.045796677470207214
282,0.012303928844630718,0.03605681657791138
283,0.009411249309778214,0.036353763192892075
284,0.01079506054520607,0.032097138464450836
285,0.01355301309376955,0.06954941153526306
286,0.010111240670084953,0.07143072038888931
287,0.010587183758616447,0.06184222176671028
288,0.007399233989417553,0.0727994292974472
289,0.005115916952490807,0.08018199354410172
290,0.004217441659420729,0.07134498655796051
291,0.004786013159900904,0.0828162208199501
292,0.004294910468161106,0.09771902859210968
293,0.004233847372233868,0.07458469271659851
294,0.004225864540785551,0.05240287259221077
295,0.0055092512629926205,0.04603249207139015
296,0.0061631775461137295,0.02184358984231949
297,0.009325181134045124,0.02430114522576332
298,0.010051808319985867,0.030804535374045372
299,0.008230592124164104,0.034057386219501495
300,0.006411432288587093,0.03553873673081398
301,0.004655034281313419,0.02851182594895363
302,0.0034760001581162214,0.032569337636232376
303,0.0034428744111210108,0.035151172429323196
304,0.0041963993571698666,0.02672489359974861
305,0.00760165648534894,0.03407273069024086
306,0.006752476096153259,0.06670483946800232
307,0.006182163022458553,0.04479365050792694
308,0.006264034193009138,0.0556972362101078
309,0.006158993113785982,0.09045824408531189
310,0.005383982788771391,0.07993052899837494
311,0.01064541656523943,0.06685817986726761
312,0.0060008829459548,0.09159637242555618
313,0.0065579647198319435,0.021604221314191818
314,0.009013381786644459,0.032936472445726395
315,0.008864923380315304,0.04311241954565048
316,0.007769611664116383,0.028678279370069504
317,0.007925907149910927,0.030324053019285202
318,0.008029026910662651,0.03711733967065811
319,0.008831197395920753,0.026732169091701508
320,0.005897174123674631,0.04366965964436531
321,0.0048704310320317745,0.044691022485494614
322,0.00460009416565299,0.042003415524959564
323,0.004748499486595392,0.04365507513284683
324,0.006089136935770512,0.03193050995469093
325,0.005044686608016491,0.027478240430355072
326,0.004382256884127855,0.024966569617390633
327,0.00424904003739357,0.029296809807419777
328,0.007940607145428658,0.037397127598524094
329,0.008434299379587173,0.05055014789104462
330,0.008102879859507084,0.4099339246749878
331,0.007440563756972551,0.057802654802799225
332,0.006335085723549128,0.03335459157824516
333,0.011139970272779465,0.19644984602928162
334,0.008823594078421593,0.4660394787788391
335,0.010219713672995567,0.7731018662452698
336,0.014258055947721004,0.21578627824783325
337,0.017565332353115082,0.16356107592582703
338,0.015310392715036869,0.10758610814809799
339,0.012663104571402073,0.2652283310890198
340,0.007265870459377766,0.48218122124671936
341,0.01125071570277214,0.8586387038230896
342,0.006838400848209858,1.1361924409866333
343,0.0074029103852808475,0.8860683441162109
344,0.007934863679111004,0.5285181999206543
345,0.014703843742609024,0.09779351204633713
346,0.013677685521543026,0.04567834362387657
347,0.014045634306967258,0.0368003323674202
348,0.018816761672496796,0.03965863212943077
349,0.013144046068191528,0.05696413666009903
350,0.010398270562291145,0.04554608091711998
351,0.013150222599506378,0.05330323800444603
352,0.013620174489915371,0.20382706820964813
353,0.03808370605111122,0.052757084369659424
354,0.025046300143003464,0.05404973030090332
355,0.020456312224268913,0.09533277899026871
356,0.01436868216842413,0.0891718789935112
357,0.011656350456178188,0.06100143492221832
358,0.01396680437028408,0.051992304623126984
359,0.010474435985088348,0.051886942237615585
360,0.010531378909945488,0.04765142872929573
361,0.00880962423980236,0.03252211585640907
362,0.006264102645218372,0.032071396708488464
363,0.006026164628565311,0.03735468536615372
364,0.0045706056989729404,0.035285793244838715
365,0.00614297715947032,0.05706052482128143
366,0.007110449019819498,0.06673791259527206
367,0.007014669943600893,0.06063009053468704
368,0.008257473818957806,0.05767786130309105
369,0.009564744308590889,0.05138815566897392
370,0.010002040304243565,0.03925195708870888
371,0.00937692355364561,0.02829626202583313
372,0.010422802530229092,0.03991108760237694
373,0.008515596389770508,0.026259584352374077
374,0.008830882608890533,0.04780823364853859
375,0.006828118581324816,0.028990501537919044
376,0.005196831189095974,0.032543230801820755
377,0.006966814398765564,0.03053796850144863
378,0.008155970834195614,0.0280170701444149
379,0.008110945113003254,0.020243221893906593
380,0.009929425083100796,0.021905692294239998
381,0.012510140426456928,0.022233767434954643
382,0.011073070578277111,0.026057807728648186
383,0.021138260141015053,0.028225330635905266
384,0.020725635811686516,0.032344575971364975
385,0.019322048872709274,0.047398582100868225
386,0.023495608940720558,0.040145959705114365
387,0.017688017338514328,0.04303588345646858
388,0.013491235673427582,0.03750547021627426
389,0.011073974892497063,0.04291756451129913
390,0.008885439485311508,0.07305099070072174
391,0.007789128925651312,0.06748280674219131
392,0.006906145717948675,0.06911279261112213
393,0.01579517498612404,0.08586691319942474
394,0.008673327974975109,0.09876403212547302
395,0.010663269087672234,0.04202574864029884
396,0.008877910673618317,0.025659557431936264
397,0.01070835068821907,0.05200960487127304
398,0.01255030743777752,0.04758448526263237
399,0.0079774996265769,0.03138100728392601
400,0.027740338817238808,0.09304294735193253
401,0.018076304346323013,0.20810070633888245
402,0.013136867433786392,0.0631989985704422
403,0.012595088221132755,0.06881817430257797
404,0.008319102227687836,0.03904297202825546
405,0.0134750260040164,0.0321643091738224
406,0.012174953706562519,0.04646431282162666
407,0.01045108214020729,0.029800424352288246
408,0.015242842957377434,0.023666508495807648
409,0.017511403188109398,0.06973762065172195
410,0.016596460714936256,0.03558366000652313
411,0.01299233827739954,0.037644777446985245
412,0.009195896796882153,0.025603508576750755
413,0.011395161971449852,0.023012343794107437
414,0.01281600259244442,0.0193954911082983
415,0.01230486761778593,0.029509909451007843
416,0.011569094844162464,0.05068613216280937
417,0.010208497755229473,0.03567938879132271
418,0.013186161406338215,0.039998315274715424
419,0.015207581222057343,0.039803583174943924
420,0.011006999760866165,0.039758000522851944
421,0.012051375582814217,0.048298973590135574
422,0.014917665161192417,0.04789363592863083
423,0.010059415362775326,0.057334061712026596
424,0.011734786443412304,0.056752536445856094
425,0.011003631167113781,0.05400187149643898
426,0.01374155655503273,0.04858945682644844
427,0.015806930139660835,0.04121951758861542
428,0.016426458954811096,0.055836159735918045
429,0.014560988172888756,0.06762025505304337
430,0.00860569067299366,0.07735342532396317
431,0.007627246435731649,0.08621306717395782
432,0.008281885646283627,0.07777410000562668
433,0.010660701431334019,0.0627765879034996
434,0.012413897551596165,0.05395164713263512
435,0.013807958923280239,0.04577972739934921
436,0.013183336704969406,0.033798698335886
437,0.008914374746382236,0.03842643275856972
438,0.010830139741301537,0.03638807311654091
439,0.012080465443432331,0.03408659249544144
440,0.008195286616683006,0.032098498195409775
441,0.00883402768522501,0.04307492449879646
442,0.008221210911870003,0.04970765858888626
443,0.008526707999408245,0.05612625181674957
444,0.009518107399344444,0.11402395367622375
445,0.01196637935936451,0.048767294734716415
446,0.010852738283574581,0.08473900705575943
447,0.0181265901774168,0.06940384209156036
448,0.014023118652403355,0.04968893900513649
449,0.04150191694498062,0.051487114280462265
450,0.037409503012895584,0.05041155591607094
451,0.03363700211048126,0.040980469435453415
452,0.023743238300085068,0.0319630466401577
453,0.009068307466804981,0.029214216396212578
454,0.012151853181421757,0.02975841797888279
455,0.01849556528031826,0.032351281493902206
456,0.017281733453273773,0.03205583617091179
457,0.014395498670637608,0.030922770500183105
458,0.013165523298084736,0.03550054505467415
459,0.010740065947175026,0.03356536105275154
460,0.014141724444925785,0.025517381727695465
461,0.017311498522758484,0.02663290686905384
462,0.012175479903817177,0.025263754650950432
463,0.010901952162384987,0.02592458575963974
464,0.008704046718776226,0.04048142954707146
465,0.00751342810690403,0.03815735504031181
466,0.007742330431938171,0.03910910710692406
467,0.00900193303823471,0.0360187292098999
468,0.007439313922077417,0.03657399117946625
469,0.013262630440294743,0.0462045855820179
470,0.008113970048725605,0.053927429020404816
471,0.034319035708904266,0.07419121265411377
472,0.04211914539337158,0.07551335543394089
473,0.04252271354198456,0.06871981918811798
474,0.03431161865592003,0.0747574120759964
475,0.011470758356153965,0.07409929484128952
476,0.009548278525471687,0.08990966528654099
477,0.007982014678418636,0.07412804663181305
478,0.007409704849123955,0.07257147133350372
479,0.012809937819838524,0.07109148800373077
480,0.015387535095214844,0.07841096073389053
481,0.016338223591446877,0.06427522003650665
482,0.014884044416248798,0.05684966221451759
483,0.00850377045571804,0.05111784487962723
484,0.0081636318936944,0.055520106106996536
485,0.007173322606831789,0.050605449825525284
486,0.008794770576059818,0.054669030010700226
487,0.010511418804526329,0.0537215918302536
488,0.010951879434287548,0.03051561862230301
489,0.00809614546597004,0.029556775465607643
490,0.009397917427122593,0.029859550297260284
491,0.008993302471935749,0.03423098102211952
492,0.012172365561127663,0.040774114429950714
493,0.02012406289577484,0.05018705874681473
494,0.022084051743149757,0.03932787477970123
495,0.01954859495162964,0.05071830004453659
496,0.015177017077803612,0.09522790461778641
497,0.012176021002233028,0.12889669835567474
498,0.022340333089232445,0.1783544421195984
499,0.02067151665687561,0.13857878744602203
500,0.014069565571844578,0.19721488654613495
501,0.014821620658040047,0.13677163422107697
502,0.015882583335042,0.09712056070566177
503,0.02014102414250374,0.06899680197238922
504,0.012709636241197586,0.08023028820753098
505,0.013132058084011078,0.05472849681973457
506,0.01583034358918667,0.06244296580553055
507,0.014437288977205753,0.05360604450106621
508,0.01403565052896738,0.05260728672146797
509,0.013066990301012993,0.05253028869628906
510,0.00915833655744791,0.06024016812443733
511,0.005320344585925341,0.05835055932402611
512,0.009469324722886086,0.05477791652083397
513,0.01258592214435339,0.05469745770096779
514,0.0165596641600132,0.04530217871069908
515,0.013687084428966045,0.050728898495435715
516,0.011233262717723846,0.04345502704381943
517,0.014847410842776299,0.04660305753350258
518,0.01562567986547947,0.04973043128848076
519,0.01342701818794012,0.049248117953538895
520,0.013963503763079643,0.0404607318341732
521,0.02086711674928665,0.0656951293349266
522,0.02177920937538147,0.06713151931762695
523,0.021222814917564392,0.07030773907899857
524,0.02012273482978344,0.0745837613940239
525,0.018225470557808876,0.050190720707178116
526,0.016119159758090973,0.03361167758703232
527,0.015410689637064934,0.03427891805768013
528,0.01464348565787077,0.045682672411203384
529,0.008098519407212734,0.05627504363656044
530,0.007768640294671059,0.04423530772328377
531,0.010128484107553959,0.03698758780956268
532,0.015300764702260494,0.030501417815685272
533,0.018391620367765427,0.02709043212234974
534,0.01765277236700058,0.02695976383984089
535,0.016702191904187202,0.03181847929954529
536,0.02327427826821804,0.0316271111369133
537,0.03173916041851044,0.030812250450253487
538,0.02857903391122818,0.05718270316720009
539,0.02241235226392746,0.037847850471735
540,0.022589311003684998,0.03722028806805611
541,0.01812923327088356,0.044508468359708786
542,0.013156500644981861,0.04104408994317055
543,0.015159282833337784,0.042286649346351624
544,0.011724653653800488,0.06247770041227341
545,0.011692698113620281,0.05516678839921951
546,0.018108606338500977,0.06381679326295853
547,0.017590094357728958,0.055241212248802185
548,0.014905289746820927,0.059418704360723495
549,0.02174147590994835,0.05833856761455536
550,0.018502334132790565,0.07129620760679245
551,0.017897257581353188,0.07150205969810486
552,0.011406908743083477,0.06995145976543427
553,0.006751930806785822,0.06822550296783447
554,0.009546084329485893,0.05435711890459061
555,0.03518285974860191,0.06424573063850403
556,0.049871426075696945,0.08420123904943466
557,0.05502673611044884,0.09669380635023117
558,0.05565473064780235,0.10349790751934052
559,0.027482159435749054,0.09229013323783875
560,0.02638496272265911,0.08904068917036057
561,0.04395858198404312,0.07899535447359085
562,0.04201313480734825,0.09747669100761414
563,0.035923317074775696,0.09615954756736755
